Log file opened on Thu Oct  5 21:58:49 2017
Host: gra934  pid: 13723  rank ID: 0  number of ranks:  8
                      :-) GROMACS - gmx mdrun, 2016.3 (-:

                            GROMACS is written by:
     Emile Apol      Rossen Apostolov  Herman J.C. Berendsen    Par Bjelkmar   
 Aldert van Buuren   Rudi van Drunen     Anton Feenstra    Gerrit Groenhof  
 Christoph Junghans   Anca Hamuraru    Vincent Hindriksen Dimitrios Karkoulis
    Peter Kasson        Jiri Kraus      Carsten Kutzner      Per Larsson    
  Justin A. Lemkul   Magnus Lundborg   Pieter Meulenhoff    Erik Marklund   
   Teemu Murtola       Szilard Pall       Sander Pronk      Roland Schulz   
  Alexey Shvetsov     Michael Shirts     Alfons Sijbers     Peter Tieleman  
  Teemu Virolainen  Christian Wennberg    Maarten Wolf   
                           and the project leaders:
        Mark Abraham, Berk Hess, Erik Lindahl, and David van der Spoel

Copyright (c) 1991-2000, University of Groningen, The Netherlands.
Copyright (c) 2001-2017, The GROMACS development team at
Uppsala University, Stockholm University and
the Royal Institute of Technology, Sweden.
check out http://www.gromacs.org for more information.

GROMACS is free software; you can redistribute it and/or modify it
under the terms of the GNU Lesser General Public License
as published by the Free Software Foundation; either version 2.1
of the License, or (at your option) any later version.

GROMACS:      gmx mdrun, version 2016.3
Executable:   /cvmfs/soft.computecanada.ca/easybuild/software/2017/avx2/MPI/intel2016.4/cuda8.0/openmpi2.1/gromacs/2016.3/bin/gmx_mpi
Data prefix:  /cvmfs/soft.computecanada.ca/easybuild/software/2017/avx2/MPI/intel2016.4/cuda8.0/openmpi2.1/gromacs/2016.3
Working dir:  /home/moselhy/charmm
Command line:
  gmx_mpi mdrun -v -deffnm equilibration

GROMACS version:    2016.3
Precision:          single
Memory model:       64 bit
MPI library:        MPI
OpenMP support:     enabled (GMX_OPENMP_MAX_THREADS = 32)
GPU support:        CUDA
SIMD instructions:  AVX2_256
FFT library:        Intel MKL
RDTSCP usage:       enabled
TNG support:        enabled
Hwloc support:      hwloc-1.11.0
Tracing support:    disabled
Built on:           Thu Jun 15 12:45:28 UTC 2017
Built by:           ebuser@build-node [CMAKE]
Build OS/arch:      Linux 3.10.0-514.16.1.el7.x86_64 x86_64
Build CPU vendor:   Intel
Build CPU brand:    Intel(R) Xeon(R) CPU E5-2680 v4 @ 2.40GHz
Build CPU family:   6   Model: 79   Stepping: 1
Build CPU features: aes apic avx avx2 clfsh cmov cx8 cx16 f16c fma hle lahf mmx msr pcid pclmuldq pdpe1gb popcnt pse rdrnd rdtscp rtm sse2 sse3 sse4.1 sse4.2 ssse3 tdt x2apic
C compiler:         /cvmfs/soft.computecanada.ca/easybuild/software/2017/avx2/CUDA/intel2016.4/cuda8.0/openmpi/2.1.1/bin/mpicc Intel 16.0.4.20160811
C compiler flags:    -march=core-avx2   -mkl=sequential -O2 -xCore-AVX2 -ftz -fp-speculation=safe -fp-model source -fopenmp -std=gnu99  -O3 -DNDEBUG -ip -funroll-all-loops -alias-const -ansi-alias  
C++ compiler:       /cvmfs/soft.computecanada.ca/easybuild/software/2017/avx2/CUDA/intel2016.4/cuda8.0/openmpi/2.1.1/bin/mpicxx Intel 16.0.4.20160811
C++ compiler flags:  -march=core-avx2   -O2 -xCore-AVX2 -ftz -fp-speculation=safe -fp-model source -fopenmp -std=c++0x   -O3 -DNDEBUG -ip -funroll-all-loops -alias-const -ansi-alias  
CUDA compiler:      /cvmfs/soft.computecanada.ca/easybuild/software/2017/avx2/Compiler/intel2016.4/cuda/8.0.44/bin/nvcc nvcc: NVIDIA (R) Cuda compiler driver;Copyright (c) 2005-2016 NVIDIA Corporation;Built on Sun_Sep__4_22:14:01_CDT_2016;Cuda compilation tools, release 8.0, V8.0.44
CUDA compiler flags:-gencode;arch=compute_20,code=sm_20;-gencode;arch=compute_30,code=sm_30;-gencode;arch=compute_35,code=sm_35;-gencode;arch=compute_37,code=sm_37;-gencode;arch=compute_50,code=sm_50;-gencode;arch=compute_52,code=sm_52;-gencode;arch=compute_60,code=sm_60;-gencode;arch=compute_61,code=sm_61;-gencode;arch=compute_60,code=compute_60;-gencode;arch=compute_61,code=compute_61;-use_fast_math;-Xcompiler;-gcc-version=460;-D_FORCE_INLINES;;-Xcompiler;,-march=core-avx2,,,-O2,-xCore-AVX2,-ftz,-fp-speculation=safe,-fp-model,source,-fopenmp,,,;-Xcompiler;-O3,-DNDEBUG,-ip,-funroll-all-loops,-alias-const,-ansi-alias,,; 
CUDA driver:        8.0
CUDA runtime:       8.0


Running on 1 node with total 32 cores, 32 logical cores, 2 compatible GPUs
Hardware detected on host gra934 (the node of MPI rank 0):
  CPU info:
    Vendor: Intel
    Brand:  Intel(R) Xeon(R) CPU E5-2683 v4 @ 2.10GHz
    Family: 6   Model: 79   Stepping: 1
    Features: aes apic avx avx2 clfsh cmov cx8 cx16 f16c fma hle htt lahf mmx msr nonstop_tsc pcid pclmuldq pdcm pdpe1gb popcnt pse rdrnd rdtscp rtm sse2 sse3 sse4.1 sse4.2 ssse3 tdt x2apic
    SIMD instructions most likely to fit this hardware: AVX2_256
    SIMD instructions selected at GROMACS compile time: AVX2_256

  Hardware topology: Full, with devices
    Sockets, cores, and logical processors:
      Socket  0: [   0] [   1] [   2] [   3] [   4] [   5] [   6] [   7] [   8] [   9] [  10] [  11] [  12] [  13] [  14] [  15]
      Socket  1: [  16] [  17] [  18] [  19] [  20] [  21] [  22] [  23] [  24] [  25] [  26] [  27] [  28] [  29] [  30] [  31]
    Numa nodes:
      Node  0 (68297408512 bytes mem):   0   1   2   3   4   5   6   7   8   9  10  11  12  13  14  15
      Node  1 (68719476736 bytes mem):  16  17  18  19  20  21  22  23  24  25  26  27  28  29  30  31
      Latency:
               0     1
         0  1.00  2.10
         1  2.10  1.00
    Caches:
      L1: 32768 bytes, linesize 64 bytes, assoc. 8, shared 1 ways
      L2: 262144 bytes, linesize 64 bytes, assoc. 8, shared 1 ways
      L3: 41943040 bytes, linesize 64 bytes, assoc. 20, shared 16 ways
    PCI devices:
      0000:01:00.0  Id: 1000:0097  Class: 0x0107  Numa: 0
      0000:02:00.0  Id: 8086:1521  Class: 0x0200  Numa: 0
      0000:02:00.1  Id: 8086:1521  Class: 0x0200  Numa: 0
      0000:04:00.0  Id: 10de:15f7  Class: 0x0302  Numa: 0
      0000:00:11.4  Id: 8086:8d62  Class: 0x0106  Numa: 0
      0000:06:00.0  Id: 19e5:1711  Class: 0x0300  Numa: 0
      0000:00:1f.2  Id: 8086:8d02  Class: 0x0106  Numa: 0
      0000:81:00.0  Id: 15b3:1003  Class: 0x0280  Numa: 1
      0000:82:00.0  Id: 19e5:0123  Class: 0x0108  Numa: 1
      0000:83:00.0  Id: 10de:15f7  Class: 0x0302  Numa: 1
  GPU info:
    Number of GPUs detected: 2
    #0: NVIDIA Tesla P100-PCIE-12GB, compute cap.: 6.0, ECC: yes, stat: compatible
    #1: NVIDIA Tesla P100-PCIE-12GB, compute cap.: 6.0, ECC: yes, stat: compatible


++++ PLEASE READ AND CITE THE FOLLOWING REFERENCE ++++
M. J. Abraham, T. Murtola, R. Schulz, S. Páll, J. C. Smith, B. Hess, E.
Lindahl
GROMACS: High performance molecular simulations through multi-level
parallelism from laptops to supercomputers
SoftwareX 1 (2015) pp. 19-25
-------- -------- --- Thank You --- -------- --------


++++ PLEASE READ AND CITE THE FOLLOWING REFERENCE ++++
S. Páll, M. J. Abraham, C. Kutzner, B. Hess, E. Lindahl
Tackling Exascale Software Challenges in Molecular Dynamics Simulations with
GROMACS
In S. Markidis & E. Laure (Eds.), Solving Software Challenges for Exascale 8759 (2015) pp. 3-27
-------- -------- --- Thank You --- -------- --------


++++ PLEASE READ AND CITE THE FOLLOWING REFERENCE ++++
S. Pronk, S. Páll, R. Schulz, P. Larsson, P. Bjelkmar, R. Apostolov, M. R.
Shirts, J. C. Smith, P. M. Kasson, D. van der Spoel, B. Hess, and E. Lindahl
GROMACS 4.5: a high-throughput and highly parallel open source molecular
simulation toolkit
Bioinformatics 29 (2013) pp. 845-54
-------- -------- --- Thank You --- -------- --------


++++ PLEASE READ AND CITE THE FOLLOWING REFERENCE ++++
B. Hess and C. Kutzner and D. van der Spoel and E. Lindahl
GROMACS 4: Algorithms for highly efficient, load-balanced, and scalable
molecular simulation
J. Chem. Theory Comput. 4 (2008) pp. 435-447
-------- -------- --- Thank You --- -------- --------


++++ PLEASE READ AND CITE THE FOLLOWING REFERENCE ++++
D. van der Spoel, E. Lindahl, B. Hess, G. Groenhof, A. E. Mark and H. J. C.
Berendsen
GROMACS: Fast, Flexible and Free
J. Comp. Chem. 26 (2005) pp. 1701-1719
-------- -------- --- Thank You --- -------- --------


++++ PLEASE READ AND CITE THE FOLLOWING REFERENCE ++++
E. Lindahl and B. Hess and D. van der Spoel
GROMACS 3.0: A package for molecular simulation and trajectory analysis
J. Mol. Mod. 7 (2001) pp. 306-317
-------- -------- --- Thank You --- -------- --------


++++ PLEASE READ AND CITE THE FOLLOWING REFERENCE ++++
H. J. C. Berendsen, D. van der Spoel and R. van Drunen
GROMACS: A message-passing parallel molecular dynamics implementation
Comp. Phys. Comm. 91 (1995) pp. 43-56
-------- -------- --- Thank You --- -------- --------


For optimal performance with a GPU nstlist (now 10) should be larger.
The optimum depends on your CPU and GPU resources.
You might want to try several nstlist values.
Changing nstlist from 10 to 40, rlist from 1.2 to 1.287

Input Parameters:
   integrator                     = md
   tinit                          = 0
   dt                             = 0.002
   nsteps                         = 50000
   init-step                      = 0
   simulation-part                = 1
   comm-mode                      = Linear
   nstcomm                        = 100
   bd-fric                        = 0
   ld-seed                        = -2055261150
   emtol                          = 10
   emstep                         = 0.01
   niter                          = 20
   fcstep                         = 0
   nstcgsteep                     = 1000
   nbfgscorr                      = 10
   rtpi                           = 0.05
   nstxout                        = 500
   nstvout                        = 500
   nstfout                        = 0
   nstlog                         = 500
   nstcalcenergy                  = 100
   nstenergy                      = 500
   nstxout-compressed             = 0
   compressed-x-precision         = 1000
   cutoff-scheme                  = Verlet
   nstlist                        = 40
   ns-type                        = Grid
   pbc                            = xyz
   periodic-molecules             = false
   verlet-buffer-tolerance        = 0.005
   rlist                          = 1.287
   coulombtype                    = PME
   coulomb-modifier               = Potential-shift
   rcoulomb-switch                = 0
   rcoulomb                       = 1.2
   epsilon-r                      = 1
   epsilon-rf                     = inf
   vdw-type                       = Cut-off
   vdw-modifier                   = Force-switch
   rvdw-switch                    = 1
   rvdw                           = 1.2
   DispCorr                       = EnerPres
   table-extension                = 1
   fourierspacing                 = 0.16
   fourier-nx                     = 96
   fourier-ny                     = 96
   fourier-nz                     = 96
   pme-order                      = 4
   ewald-rtol                     = 1e-05
   ewald-rtol-lj                  = 0.001
   lj-pme-comb-rule               = Geometric
   ewald-geometry                 = 0
   epsilon-surface                = 0
   implicit-solvent               = No
   gb-algorithm                   = Still
   nstgbradii                     = 1
   rgbradii                       = 1
   gb-epsilon-solvent             = 80
   gb-saltconc                    = 0
   gb-obc-alpha                   = 1
   gb-obc-beta                    = 0.8
   gb-obc-gamma                   = 4.85
   gb-dielectric-offset           = 0.009
   sa-algorithm                   = Ace-approximation
   sa-surface-tension             = 2.05016
   tcoupl                         = V-rescale
   nsttcouple                     = 10
   nh-chain-length                = 0
   print-nose-hoover-chain-variables = false
   pcoupl                         = No
   pcoupltype                     = Isotropic
   nstpcouple                     = -1
   tau-p                          = 1
   compressibility (3x3):
      compressibility[    0]={ 0.00000e+00,  0.00000e+00,  0.00000e+00}
      compressibility[    1]={ 0.00000e+00,  0.00000e+00,  0.00000e+00}
      compressibility[    2]={ 0.00000e+00,  0.00000e+00,  0.00000e+00}
   ref-p (3x3):
      ref-p[    0]={ 0.00000e+00,  0.00000e+00,  0.00000e+00}
      ref-p[    1]={ 0.00000e+00,  0.00000e+00,  0.00000e+00}
      ref-p[    2]={ 0.00000e+00,  0.00000e+00,  0.00000e+00}
   refcoord-scaling               = No
   posres-com (3):
      posres-com[0]= 0.00000e+00
      posres-com[1]= 0.00000e+00
      posres-com[2]= 0.00000e+00
   posres-comB (3):
      posres-comB[0]= 0.00000e+00
      posres-comB[1]= 0.00000e+00
      posres-comB[2]= 0.00000e+00
   QMMM                           = false
   QMconstraints                  = 0
   QMMMscheme                     = 0
   MMChargeScaleFactor            = 1
qm-opts:
   ngQM                           = 0
   constraint-algorithm           = Lincs
   continuation                   = false
   Shake-SOR                      = false
   shake-tol                      = 0.0001
   lincs-order                    = 4
   lincs-iter                     = 1
   lincs-warnangle                = 30
   nwall                          = 0
   wall-type                      = 9-3
   wall-r-linpot                  = -1
   wall-atomtype[0]               = -1
   wall-atomtype[1]               = -1
   wall-density[0]                = 0
   wall-density[1]                = 0
   wall-ewald-zfac                = 3
   pull                           = false
   rotation                       = false
   interactiveMD                  = false
   disre                          = No
   disre-weighting                = Conservative
   disre-mixed                    = false
   dr-fc                          = 1000
   dr-tau                         = 0
   nstdisreout                    = 100
   orire-fc                       = 0
   orire-tau                      = 0
   nstorireout                    = 100
   free-energy                    = no
   cos-acceleration               = 0
   deform (3x3):
      deform[    0]={ 0.00000e+00,  0.00000e+00,  0.00000e+00}
      deform[    1]={ 0.00000e+00,  0.00000e+00,  0.00000e+00}
      deform[    2]={ 0.00000e+00,  0.00000e+00,  0.00000e+00}
   simulated-tempering            = false
   E-x:
      n = 0
   E-xt:
      n = 0
   E-y:
      n = 0
   E-yt:
      n = 0
   E-z:
      n = 0
   E-zt:
      n = 0
   swapcoords                     = no
   userint1                       = 0
   userint2                       = 0
   userint3                       = 0
   userint4                       = 0
   userreal1                      = 0
   userreal2                      = 0
   userreal3                      = 0
   userreal4                      = 0
grpopts:
   nrdf:         896      372027
   ref-t:         310         310
   tau-t:         0.1         0.1
annealing:          No          No
annealing-npoints:           0           0
   acc:	           0           0           0
   nfreeze:           N           N           N
   energygrp-flags[  0]: 0


Initializing Domain Decomposition on 8 ranks
Dynamic load balancing: auto
Initial maximum inter charge-group distances:
    two-body bonded interactions: 0.402 nm, LJ-14, atoms 22 30
  multi-body bonded interactions: 0.492 nm, CMAP Dih., atoms 109 121
Minimum cell size due to bonded interactions: 0.541 nm
Maximum distance for 5 constraints, at 120 deg. angles, all-trans: 0.762 nm
Estimated maximum distance required for P-LINCS: 0.762 nm
This distance will limit the DD cell size, you can override this with -rcon
Using 0 separate PME ranks, per user request
Scaling the initial minimum size with 1/0.8 (option -dds) = 1.25
Optimizing the DD grid for 8 cells with a minimum initial size of 0.952 nm
The maximum allowed number of cells is: X 11 Y 11 Z 10
Domain decomposition grid 8 x 1 x 1, separate PME ranks 0
PME domain decomposition: 8 x 1 x 1
Domain decomposition rank 0, coordinates 0 0 0

The initial number of communication pulses is: X 1
The initial domain decomposition cell size is: X 1.42 nm

The maximum allowed distance for charge groups involved in interactions is:
                 non-bonded interactions           1.287 nm
            two-body bonded interactions  (-rdd)   1.287 nm
          multi-body bonded interactions  (-rdd)   1.287 nm
  atoms separated by up to 5 constraints  (-rcon)  1.421 nm

When dynamic load balancing gets turned on, these settings will change to:
The maximum number of communication pulses is: X 2
The minimum size for domain decomposition cells is 0.956 nm
The requested allowed shrink of DD cells (option -dds) is: 0.80
The allowed shrink of domain decomposition cells is: X 0.67
The maximum allowed distance for charge groups involved in interactions is:
                 non-bonded interactions           1.287 nm
            two-body bonded interactions  (-rdd)   1.287 nm
          multi-body bonded interactions  (-rdd)   0.956 nm
  atoms separated by up to 5 constraints  (-rcon)  0.956 nm

Using 8 MPI processes
Using 4 OpenMP threads per MPI process

On host gra934 2 compatible GPUs are present, with IDs 0,1
On host gra934 2 GPUs auto-selected for this run.
Mapping of GPU IDs to the 8 PP ranks in this node: 0,0,0,0,1,1,1,1

Will do PME sum in reciprocal space for electrostatic interactions.

++++ PLEASE READ AND CITE THE FOLLOWING REFERENCE ++++
U. Essmann, L. Perera, M. L. Berkowitz, T. Darden, H. Lee and L. G. Pedersen 
A smooth particle mesh Ewald method
J. Chem. Phys. 103 (1995) pp. 8577-8592
-------- -------- --- Thank You --- -------- --------

Will do ordinary reciprocal space Ewald sum.
Using a Gaussian width (1/beta) of 0.384195 nm for Ewald
Cut-off's:   NS: 1.287   Coulomb: 1.2   LJ: 1.2
Long Range LJ corr.: <C6> 3.0007e-04
System total charge: 0.000
Generated table with 1143 data points for Ewald.
Tabscale = 500 points/nm
Generated table with 1143 data points for LJ6Shift.
Tabscale = 500 points/nm
Generated table with 1143 data points for LJ12Shift.
Tabscale = 500 points/nm
Generated table with 1143 data points for 1-4 COUL.
Tabscale = 500 points/nm
Generated table with 1143 data points for 1-4 LJ6.
Tabscale = 500 points/nm
Generated table with 1143 data points for 1-4 LJ12.
Tabscale = 500 points/nm
Potential shift: LJ r^-12: -2.648e-01 r^-6: -5.349e-01, Ewald -1.000e-05
Initialized non-bonded Ewald correction tables, spacing: 1.02e-03 size: 1176


NOTE: GROMACS was configured without NVML support hence it can not exploit
      application clocks of the detected Tesla P100-PCIE-12GB GPU to improve performance.
      Recompile with the NVML library (compatible with the driver used) or set application clocks manually.


Using GPU 8x8 non-bonded kernels

Removing pbc first time

Non-default thread affinity set probably by the OpenMP library,
disabling internal thread affinity

Initializing Parallel LINear Constraint Solver

++++ PLEASE READ AND CITE THE FOLLOWING REFERENCE ++++
B. Hess
P-LINCS: A Parallel Linear Constraint Solver for molecular simulation
J. Chem. Theory Comput. 4 (2008) pp. 116-122
-------- -------- --- Thank You --- -------- --------

The number of constraints is 457
There are inter charge-group constraints,
will communicate selected coordinates each lincs iteration

++++ PLEASE READ AND CITE THE FOLLOWING REFERENCE ++++
S. Miyamoto and P. A. Kollman
SETTLE: An Analytical Version of the SHAKE and RATTLE Algorithms for Rigid
Water Models
J. Comp. Chem. 13 (1992) pp. 952-962
-------- -------- --- Thank You --- -------- --------


Linking all bonded interactions to atoms

Intra-simulation communication will occur every 10 steps.
Center of mass motion removal mode is Linear
We have the following groups for center of mass motion removal:
  0:  Protein
  1:  Water_and_ions

++++ PLEASE READ AND CITE THE FOLLOWING REFERENCE ++++
G. Bussi, D. Donadio and M. Parrinello
Canonical sampling through velocity rescaling
J. Chem. Phys. 126 (2007) pp. 014101
-------- -------- --- Thank You --- -------- --------

There are: 186293 Atoms
Atom distribution over 8 domains: av 23286 stddev 187 min 23171 max 23428

NOTE: DLB will not turn on during the first phase of PME tuning


Constraining the starting coordinates (step 0)

Constraining the coordinates at t0-dt (step 0)
RMS relative constraint deviation after constraining: 0.00e+00
Initial temperature: 310.266 K

Started mdrun on rank 0 Thu Oct  5 21:58:54 2017
           Step           Time
              0        0.00000

   Energies (kJ/mol)
            U-B    Proper Dih.  Improper Dih.      CMAP Dih.          LJ-14
    7.52524e+02    1.21549e+03    1.20192e+01   -3.76236e+00    3.47134e+02
     Coulomb-14        LJ (SR)  Disper. corr.   Coulomb (SR)   Coul. recip.
    7.65625e+03    3.58453e+05   -1.65872e+04   -3.56453e+06    8.47860e+03
 Position Rest.      Potential    Kinetic En.   Total Energy  Conserved En.
    6.95880e-01   -3.20421e+06    4.81017e+05   -2.72319e+06   -2.72319e+06
    Temperature Pres. DC (bar) Pressure (bar)   Constr. rmsd
    3.10268e+02   -1.44482e+02   -4.64411e+03    1.18001e-04

DD  step 39 load imb.: force  6.5%

step   80: timed with pme grid 96 96 96, coulomb cutoff 1.200: 377.4 M-cycles
step  160: timed with pme grid 80 80 80, coulomb cutoff 1.305: 355.0 M-cycles
step  240: timed with pme grid 72 72 72, coulomb cutoff 1.450: 416.3 M-cycles
step  320: timed with pme grid 80 80 80, coulomb cutoff 1.305: 347.9 M-cycles
step  400: timed with pme grid 84 84 84, coulomb cutoff 1.243: 320.0 M-cycles
step  480: timed with pme grid 96 96 96, coulomb cutoff 1.200: 313.1 M-cycles
           Step           Time
            500        1.00000

   Energies (kJ/mol)
            U-B    Proper Dih.  Improper Dih.      CMAP Dih.          LJ-14
    1.11690e+03    1.33656e+03    4.67605e+01    2.10881e+01    4.47399e+02
     Coulomb-14        LJ (SR)  Disper. corr.   Coulomb (SR)   Coul. recip.
    7.78488e+03    2.86164e+05   -1.65872e+04   -2.94744e+06    6.79351e+03
 Position Rest.      Potential    Kinetic En.   Total Energy  Conserved En.
    2.14593e+02   -2.66010e+06    4.72159e+05   -2.18794e+06   -2.72014e+06
    Temperature Pres. DC (bar) Pressure (bar)   Constr. rmsd
    3.04554e+02   -1.44482e+02   -4.58437e+02    4.10596e-05

step  560: timed with pme grid 80 80 80, coulomb cutoff 1.305: 343.3 M-cycles
step  640: timed with pme grid 84 84 84, coulomb cutoff 1.243: 320.7 M-cycles
step  720: timed with pme grid 96 96 96, coulomb cutoff 1.200: 318.5 M-cycles
              optimal pme grid 96 96 96, coulomb cutoff 1.200

NOTE: DLB can now turn on, when beneficial

DD  step 999 load imb.: force  5.3%

           Step           Time
           1000        2.00000

   Energies (kJ/mol)
            U-B    Proper Dih.  Improper Dih.      CMAP Dih.          LJ-14
    1.13437e+03    1.36983e+03    7.01755e+01   -6.72309e+00    4.36438e+02
     Coulomb-14        LJ (SR)  Disper. corr.   Coulomb (SR)   Coul. recip.
    7.70674e+03    2.73221e+05   -1.65872e+04   -2.91744e+06    9.16316e+03
 Position Rest.      Potential    Kinetic En.   Total Energy  Conserved En.
    1.76648e+02   -2.64076e+06    4.81764e+05   -2.15899e+06   -2.72023e+06
    Temperature Pres. DC (bar) Pressure (bar)   Constr. rmsd
    3.10750e+02   -1.44482e+02   -5.43813e+02    3.95787e-05

           Step           Time
           1500        3.00000

   Energies (kJ/mol)
            U-B    Proper Dih.  Improper Dih.      CMAP Dih.          LJ-14
    1.15071e+03    1.34529e+03    7.34958e+01    1.12838e+01    4.46731e+02
     Coulomb-14        LJ (SR)  Disper. corr.   Coulomb (SR)   Coul. recip.
    7.65819e+03    2.73804e+05   -1.65872e+04   -2.91504e+06    9.08001e+03
 Position Rest.      Potential    Kinetic En.   Total Energy  Conserved En.
    1.78099e+02   -2.63788e+06    4.80539e+05   -2.15734e+06   -2.72028e+06
    Temperature Pres. DC (bar) Pressure (bar)   Constr. rmsd
    3.09960e+02   -1.44482e+02   -5.95115e+02    3.84262e-05

DD  step 1999 load imb.: force  7.1%

           Step           Time
           2000        4.00000

   Energies (kJ/mol)
            U-B    Proper Dih.  Improper Dih.      CMAP Dih.          LJ-14
    1.03885e+03    1.38328e+03    6.72609e+01   -2.42484e+01    4.46833e+02
     Coulomb-14        LJ (SR)  Disper. corr.   Coulomb (SR)   Coul. recip.
    7.80180e+03    2.74815e+05   -1.65872e+04   -2.91944e+06    9.04167e+03
 Position Rest.      Potential    Kinetic En.   Total Energy  Conserved En.
    1.94601e+02   -2.64126e+06    4.81515e+05   -2.15975e+06   -2.72034e+06
    Temperature Pres. DC (bar) Pressure (bar)   Constr. rmsd
    3.10589e+02   -1.44482e+02   -5.31560e+02    4.15122e-05

           Step           Time
           2500        5.00000

   Energies (kJ/mol)
            U-B    Proper Dih.  Improper Dih.      CMAP Dih.          LJ-14
    1.09388e+03    1.35076e+03    8.96604e+01   -5.13860e+00    4.34689e+02
     Coulomb-14        LJ (SR)  Disper. corr.   Coulomb (SR)   Coul. recip.
    7.78425e+03    2.72641e+05   -1.65872e+04   -2.91540e+06    9.22617e+03
 Position Rest.      Potential    Kinetic En.   Total Energy  Conserved En.
    1.72313e+02   -2.63920e+06    4.81373e+05   -2.15783e+06   -2.72036e+06
    Temperature Pres. DC (bar) Pressure (bar)   Constr. rmsd
    3.10498e+02   -1.44482e+02   -6.12348e+02    4.30137e-05

DD  step 2999 load imb.: force  6.3%

           Step           Time
           3000        6.00000

   Energies (kJ/mol)
            U-B    Proper Dih.  Improper Dih.      CMAP Dih.          LJ-14
    1.01235e+03    1.36395e+03    7.48208e+01   -4.21519e+00    4.46589e+02
     Coulomb-14        LJ (SR)  Disper. corr.   Coulomb (SR)   Coul. recip.
    7.80150e+03    2.72956e+05   -1.65872e+04   -2.91806e+06    9.21615e+03
 Position Rest.      Potential    Kinetic En.   Total Energy  Conserved En.
    1.97656e+02   -2.64158e+06    4.80771e+05   -2.16081e+06   -2.72038e+06
    Temperature Pres. DC (bar) Pressure (bar)   Constr. rmsd
    3.10109e+02   -1.44482e+02   -6.70592e+02    3.78792e-05

           Step           Time
           3500        7.00000

   Energies (kJ/mol)
            U-B    Proper Dih.  Improper Dih.      CMAP Dih.          LJ-14
    1.08544e+03    1.34983e+03    7.29290e+01   -3.53024e+01    4.39280e+02
     Coulomb-14        LJ (SR)  Disper. corr.   Coulomb (SR)   Coul. recip.
    7.71095e+03    2.77564e+05   -1.65872e+04   -2.92363e+06    9.16277e+03
 Position Rest.      Potential    Kinetic En.   Total Energy  Conserved En.
    2.24794e+02   -2.64264e+06    4.79661e+05   -2.16298e+06   -2.72045e+06
    Temperature Pres. DC (bar) Pressure (bar)   Constr. rmsd
    3.09393e+02   -1.44482e+02   -5.15148e+02    4.07795e-05

DD  step 3999 load imb.: force  6.2%

           Step           Time
           4000        8.00000

   Energies (kJ/mol)
            U-B    Proper Dih.  Improper Dih.      CMAP Dih.          LJ-14
    1.14729e+03    1.32619e+03    5.09049e+01    2.02122e-02    4.25920e+02
     Coulomb-14        LJ (SR)  Disper. corr.   Coulomb (SR)   Coul. recip.
    7.78190e+03    2.75642e+05   -1.65872e+04   -2.92053e+06    9.05480e+03
 Position Rest.      Potential    Kinetic En.   Total Energy  Conserved En.
    2.10182e+02   -2.64148e+06    4.79912e+05   -2.16157e+06   -2.72043e+06
    Temperature Pres. DC (bar) Pressure (bar)   Constr. rmsd
    3.09555e+02   -1.44482e+02   -5.18242e+02    4.10727e-05

           Step           Time
           4500        9.00000

   Energies (kJ/mol)
            U-B    Proper Dih.  Improper Dih.      CMAP Dih.          LJ-14
    1.06599e+03    1.37551e+03    5.74937e+01   -8.27452e+00    4.48765e+02
     Coulomb-14        LJ (SR)  Disper. corr.   Coulomb (SR)   Coul. recip.
    7.77487e+03    2.70993e+05   -1.65872e+04   -2.91496e+06    9.01108e+03
 Position Rest.      Potential    Kinetic En.   Total Energy  Conserved En.
    1.86530e+02   -2.64065e+06    4.79039e+05   -2.16161e+06   -2.72049e+06
    Temperature Pres. DC (bar) Pressure (bar)   Constr. rmsd
    3.08992e+02   -1.44482e+02   -6.91452e+02    3.93276e-05

DD  step 4999 load imb.: force  5.5%

           Step           Time
           5000       10.00000

   Energies (kJ/mol)
            U-B    Proper Dih.  Improper Dih.      CMAP Dih.          LJ-14
    1.15631e+03    1.33360e+03    5.68401e+01   -2.19050e+01    4.41320e+02
     Coulomb-14        LJ (SR)  Disper. corr.   Coulomb (SR)   Coul. recip.
    7.72484e+03    2.72209e+05   -1.65872e+04   -2.91527e+06    9.10975e+03
 Position Rest.      Potential    Kinetic En.   Total Energy  Conserved En.
    1.77031e+02   -2.63967e+06    4.82334e+05   -2.15734e+06   -2.72053e+06
    Temperature Pres. DC (bar) Pressure (bar)   Constr. rmsd
    3.11118e+02   -1.44482e+02   -6.08956e+02    4.44517e-05

           Step           Time
           5500       11.00000

   Energies (kJ/mol)
            U-B    Proper Dih.  Improper Dih.      CMAP Dih.          LJ-14
    1.11038e+03    1.29993e+03    7.28494e+01   -9.79781e+00    4.43021e+02
     Coulomb-14        LJ (SR)  Disper. corr.   Coulomb (SR)   Coul. recip.
    7.72032e+03    2.74115e+05   -1.65872e+04   -2.91949e+06    9.16680e+03
 Position Rest.      Potential    Kinetic En.   Total Energy  Conserved En.
    1.74985e+02   -2.64199e+06    4.81092e+05   -2.16090e+06   -2.72056e+06
    Temperature Pres. DC (bar) Pressure (bar)   Constr. rmsd
    3.10316e+02   -1.44482e+02   -5.85149e+02    4.15774e-05

DD  step 5999 load imb.: force  6.2%

           Step           Time
           6000       12.00000

   Energies (kJ/mol)
            U-B    Proper Dih.  Improper Dih.      CMAP Dih.          LJ-14
    1.08892e+03    1.37333e+03    6.22445e+01   -9.19447e+00    4.57798e+02
     Coulomb-14        LJ (SR)  Disper. corr.   Coulomb (SR)   Coul. recip.
    7.71400e+03    2.76570e+05   -1.65872e+04   -2.92217e+06    9.20717e+03
 Position Rest.      Potential    Kinetic En.   Total Energy  Conserved En.
    1.82605e+02   -2.64211e+06    4.81106e+05   -2.16100e+06   -2.72060e+06
    Temperature Pres. DC (bar) Pressure (bar)   Constr. rmsd
    3.10326e+02   -1.44482e+02   -5.27036e+02    3.93476e-05

           Step           Time
           6500       13.00000

   Energies (kJ/mol)
            U-B    Proper Dih.  Improper Dih.      CMAP Dih.          LJ-14
    1.11552e+03    1.28111e+03    1.03636e+02    1.91258e+00    4.50917e+02
     Coulomb-14        LJ (SR)  Disper. corr.   Coulomb (SR)   Coul. recip.
    7.70915e+03    2.74400e+05   -1.65872e+04   -2.91708e+06    9.14245e+03
 Position Rest.      Potential    Kinetic En.   Total Energy  Conserved En.
    2.07113e+02   -2.63926e+06    4.80254e+05   -2.15900e+06   -2.72061e+06
    Temperature Pres. DC (bar) Pressure (bar)   Constr. rmsd
    3.09776e+02   -1.44482e+02   -5.64342e+02    4.12605e-05

DD  step 6999 load imb.: force  6.0%

           Step           Time
           7000       14.00000

   Energies (kJ/mol)
            U-B    Proper Dih.  Improper Dih.      CMAP Dih.          LJ-14
    1.13666e+03    1.34401e+03    5.49733e+01   -2.62562e+00    4.41692e+02
     Coulomb-14        LJ (SR)  Disper. corr.   Coulomb (SR)   Coul. recip.
    7.68639e+03    2.75075e+05   -1.65872e+04   -2.92194e+06    9.00020e+03
 Position Rest.      Potential    Kinetic En.   Total Energy  Conserved En.
    1.84268e+02   -2.64360e+06    4.79557e+05   -2.16405e+06   -2.72066e+06
    Temperature Pres. DC (bar) Pressure (bar)   Constr. rmsd
    3.09327e+02   -1.44482e+02   -6.04549e+02    3.73758e-05

           Step           Time
           7500       15.00000

   Energies (kJ/mol)
            U-B    Proper Dih.  Improper Dih.      CMAP Dih.          LJ-14
    1.08454e+03    1.34647e+03    6.66917e+01   -2.43798e+01    4.41384e+02
     Coulomb-14        LJ (SR)  Disper. corr.   Coulomb (SR)   Coul. recip.
    7.80708e+03    2.74623e+05   -1.65872e+04   -2.91859e+06    9.15088e+03
 Position Rest.      Potential    Kinetic En.   Total Energy  Conserved En.
    2.17332e+02   -2.64047e+06    4.80742e+05   -2.15972e+06   -2.72071e+06
    Temperature Pres. DC (bar) Pressure (bar)   Constr. rmsd
    3.10091e+02   -1.44482e+02   -5.49991e+02    3.55535e-05

DD  step 7999 load imb.: force  6.0%

           Step           Time
           8000       16.00000

   Energies (kJ/mol)
            U-B    Proper Dih.  Improper Dih.      CMAP Dih.          LJ-14
    1.02155e+03    1.33111e+03    6.95701e+01   -1.85057e+01    4.53669e+02
     Coulomb-14        LJ (SR)  Disper. corr.   Coulomb (SR)   Coul. recip.
    7.76864e+03    2.76236e+05   -1.65872e+04   -2.92340e+06    9.18516e+03
 Position Rest.      Potential    Kinetic En.   Total Energy  Conserved En.
    1.83001e+02   -2.64376e+06    4.79555e+05   -2.16420e+06   -2.72074e+06
    Temperature Pres. DC (bar) Pressure (bar)   Constr. rmsd
    3.09325e+02   -1.44482e+02   -5.48748e+02    3.94853e-05

           Step           Time
           8500       17.00000

   Energies (kJ/mol)
            U-B    Proper Dih.  Improper Dih.      CMAP Dih.          LJ-14
    1.11002e+03    1.35857e+03    8.80233e+01   -1.02159e+01    4.74173e+02
     Coulomb-14        LJ (SR)  Disper. corr.   Coulomb (SR)   Coul. recip.
    7.79856e+03    2.74819e+05   -1.65872e+04   -2.92072e+06    9.14704e+03
 Position Rest.      Potential    Kinetic En.   Total Energy  Conserved En.
    2.00105e+02   -2.64232e+06    4.81611e+05   -2.16071e+06   -2.72078e+06
    Temperature Pres. DC (bar) Pressure (bar)   Constr. rmsd
    3.10651e+02   -1.44482e+02   -5.81345e+02    3.13812e-05

DD  step 8999 load imb.: force  6.6%

           Step           Time
           9000       18.00000

   Energies (kJ/mol)
            U-B    Proper Dih.  Improper Dih.      CMAP Dih.          LJ-14
    1.16691e+03    1.33672e+03    9.89470e+01   -1.62021e+01    4.32558e+02
     Coulomb-14        LJ (SR)  Disper. corr.   Coulomb (SR)   Coul. recip.
    7.71952e+03    2.75374e+05   -1.65872e+04   -2.91959e+06    8.96871e+03
 Position Rest.      Potential    Kinetic En.   Total Energy  Conserved En.
    1.80786e+02   -2.64092e+06    4.79192e+05   -2.16172e+06   -2.72078e+06
    Temperature Pres. DC (bar) Pressure (bar)   Constr. rmsd
    3.09091e+02   -1.44482e+02   -5.30024e+02    3.61819e-05

           Step           Time
           9500       19.00000

   Energies (kJ/mol)
            U-B    Proper Dih.  Improper Dih.      CMAP Dih.          LJ-14
    1.07497e+03    1.33907e+03    7.03350e+01   -1.51927e-01    4.61515e+02
     Coulomb-14        LJ (SR)  Disper. corr.   Coulomb (SR)   Coul. recip.
    7.74115e+03    2.75977e+05   -1.65872e+04   -2.92450e+06    9.14371e+03
 Position Rest.      Potential    Kinetic En.   Total Energy  Conserved En.
    1.54611e+02   -2.64512e+06    4.80226e+05   -2.16490e+06   -2.72085e+06
    Temperature Pres. DC (bar) Pressure (bar)   Constr. rmsd
    3.09758e+02   -1.44482e+02   -5.38205e+02    3.79604e-05

DD  step 9999 load imb.: force  6.3%

           Step           Time
          10000       20.00000

   Energies (kJ/mol)
            U-B    Proper Dih.  Improper Dih.      CMAP Dih.          LJ-14
    1.16480e+03    1.33338e+03    6.35767e+01    3.30249e+00    4.27030e+02
     Coulomb-14        LJ (SR)  Disper. corr.   Coulomb (SR)   Coul. recip.
    7.80010e+03    2.73496e+05   -1.65872e+04   -2.91804e+06    9.10877e+03
 Position Rest.      Potential    Kinetic En.   Total Energy  Conserved En.
    1.89486e+02   -2.64104e+06    4.80545e+05   -2.16050e+06   -2.72088e+06
    Temperature Pres. DC (bar) Pressure (bar)   Constr. rmsd
    3.09964e+02   -1.44482e+02   -5.57976e+02    4.17375e-05

           Step           Time
          10500       21.00000

   Energies (kJ/mol)
            U-B    Proper Dih.  Improper Dih.      CMAP Dih.          LJ-14
    1.13377e+03    1.34245e+03    6.07798e+01    1.50004e+01    4.19800e+02
     Coulomb-14        LJ (SR)  Disper. corr.   Coulomb (SR)   Coul. recip.
    7.74427e+03    2.76718e+05   -1.65872e+04   -2.92289e+06    9.22100e+03
 Position Rest.      Potential    Kinetic En.   Total Energy  Conserved En.
    1.77905e+02   -2.64264e+06    4.80284e+05   -2.16236e+06   -2.72089e+06
    Temperature Pres. DC (bar) Pressure (bar)   Constr. rmsd
    3.09795e+02   -1.44482e+02   -5.47596e+02    4.28453e-05

DD  step 10999 load imb.: force  6.3%

           Step           Time
          11000       22.00000

   Energies (kJ/mol)
            U-B    Proper Dih.  Improper Dih.      CMAP Dih.          LJ-14
    1.12073e+03    1.37846e+03    7.47565e+01    3.69208e+00    4.36321e+02
     Coulomb-14        LJ (SR)  Disper. corr.   Coulomb (SR)   Coul. recip.
    7.81378e+03    2.73245e+05   -1.65872e+04   -2.91747e+06    9.02148e+03
 Position Rest.      Potential    Kinetic En.   Total Energy  Conserved En.
    1.74121e+02   -2.64079e+06    4.83766e+05   -2.15702e+06   -2.72099e+06
    Temperature Pres. DC (bar) Pressure (bar)   Constr. rmsd
    3.12041e+02   -1.44482e+02   -5.89436e+02    3.74878e-05

           Step           Time
          11500       23.00000

   Energies (kJ/mol)
            U-B    Proper Dih.  Improper Dih.      CMAP Dih.          LJ-14
    1.14510e+03    1.34177e+03    6.28480e+01   -3.12888e+01    4.27144e+02
     Coulomb-14        LJ (SR)  Disper. corr.   Coulomb (SR)   Coul. recip.
    7.78477e+03    2.76709e+05   -1.65872e+04   -2.92346e+06    9.05888e+03
 Position Rest.      Potential    Kinetic En.   Total Energy  Conserved En.
    1.92684e+02   -2.64336e+06    4.78960e+05   -2.16440e+06   -2.72098e+06
    Temperature Pres. DC (bar) Pressure (bar)   Constr. rmsd
    3.08941e+02   -1.44482e+02   -5.38039e+02    4.12719e-05

DD  step 11999 load imb.: force  5.5%

           Step           Time
          12000       24.00000

   Energies (kJ/mol)
            U-B    Proper Dih.  Improper Dih.      CMAP Dih.          LJ-14
    1.13690e+03    1.32645e+03    6.75471e+01   -1.62210e+01    4.41231e+02
     Coulomb-14        LJ (SR)  Disper. corr.   Coulomb (SR)   Coul. recip.
    7.76410e+03    2.73107e+05   -1.65872e+04   -2.91813e+06    9.30890e+03
 Position Rest.      Potential    Kinetic En.   Total Energy  Conserved En.
    1.80762e+02   -2.64140e+06    4.80528e+05   -2.16088e+06   -2.72101e+06
    Temperature Pres. DC (bar) Pressure (bar)   Constr. rmsd
    3.09952e+02   -1.44482e+02   -6.06543e+02    4.27691e-05

           Step           Time
          12500       25.00000

   Energies (kJ/mol)
            U-B    Proper Dih.  Improper Dih.      CMAP Dih.          LJ-14
    1.05734e+03    1.31352e+03    5.83508e+01    2.71009e+00    4.37827e+02
     Coulomb-14        LJ (SR)  Disper. corr.   Coulomb (SR)   Coul. recip.
    7.76641e+03    2.74645e+05   -1.65872e+04   -2.91921e+06    9.06788e+03
 Position Rest.      Potential    Kinetic En.   Total Energy  Conserved En.
    1.94512e+02   -2.64125e+06    4.79267e+05   -2.16198e+06   -2.72106e+06
    Temperature Pres. DC (bar) Pressure (bar)   Constr. rmsd
    3.09139e+02   -1.44482e+02   -6.01025e+02    4.07953e-05

DD  step 12999 load imb.: force  5.0%

           Step           Time
          13000       26.00000

   Energies (kJ/mol)
            U-B    Proper Dih.  Improper Dih.      CMAP Dih.          LJ-14
    1.09443e+03    1.32920e+03    7.21658e+01   -1.25572e+01    4.52410e+02
     Coulomb-14        LJ (SR)  Disper. corr.   Coulomb (SR)   Coul. recip.
    7.69394e+03    2.74523e+05   -1.65872e+04   -2.91987e+06    9.23801e+03
 Position Rest.      Potential    Kinetic En.   Total Energy  Conserved En.
    2.05642e+02   -2.64187e+06    4.78991e+05   -2.16287e+06   -2.72108e+06
    Temperature Pres. DC (bar) Pressure (bar)   Constr. rmsd
    3.08961e+02   -1.44482e+02   -6.50789e+02    3.89182e-05

           Step           Time
          13500       27.00000

   Energies (kJ/mol)
            U-B    Proper Dih.  Improper Dih.      CMAP Dih.          LJ-14
    1.03129e+03    1.35284e+03    9.24690e+01   -2.50619e+01    4.60773e+02
     Coulomb-14        LJ (SR)  Disper. corr.   Coulomb (SR)   Coul. recip.
    7.79954e+03    2.72401e+05   -1.65872e+04   -2.91845e+06    9.11595e+03
 Position Rest.      Potential    Kinetic En.   Total Energy  Conserved En.
    1.92933e+02   -2.64262e+06    4.82558e+05   -2.16006e+06   -2.72116e+06
    Temperature Pres. DC (bar) Pressure (bar)   Constr. rmsd
    3.11262e+02   -1.44482e+02   -6.70053e+02    3.37440e-05

DD  step 13999 load imb.: force  5.6%

           Step           Time
          14000       28.00000

   Energies (kJ/mol)
            U-B    Proper Dih.  Improper Dih.      CMAP Dih.          LJ-14
    1.20858e+03    1.34466e+03    8.76255e+01   -1.62996e+01    4.40727e+02
     Coulomb-14        LJ (SR)  Disper. corr.   Coulomb (SR)   Coul. recip.
    7.67236e+03    2.73434e+05   -1.65872e+04   -2.91491e+06    9.15767e+03
 Position Rest.      Potential    Kinetic En.   Total Energy  Conserved En.
    1.51885e+02   -2.63802e+06    4.81634e+05   -2.15638e+06   -2.72120e+06
    Temperature Pres. DC (bar) Pressure (bar)   Constr. rmsd
    3.10666e+02   -1.44482e+02   -5.65009e+02    4.93719e-05

           Step           Time
          14500       29.00000

   Energies (kJ/mol)
            U-B    Proper Dih.  Improper Dih.      CMAP Dih.          LJ-14
    1.08631e+03    1.31166e+03    8.18245e+01   -2.03634e+01    4.28221e+02
     Coulomb-14        LJ (SR)  Disper. corr.   Coulomb (SR)   Coul. recip.
    7.73716e+03    2.73712e+05   -1.65872e+04   -2.91884e+06    9.13435e+03
 Position Rest.      Potential    Kinetic En.   Total Energy  Conserved En.
    1.76492e+02   -2.64178e+06    4.82715e+05   -2.15906e+06   -2.72124e+06
    Temperature Pres. DC (bar) Pressure (bar)   Constr. rmsd
    3.11364e+02   -1.44482e+02   -5.62258e+02    4.43415e-05

DD  step 14999 load imb.: force  5.9%

           Step           Time
          15000       30.00000

   Energies (kJ/mol)
            U-B    Proper Dih.  Improper Dih.      CMAP Dih.          LJ-14
    1.11512e+03    1.35651e+03    5.94604e+01   -3.40687e+01    4.38439e+02
     Coulomb-14        LJ (SR)  Disper. corr.   Coulomb (SR)   Coul. recip.
    7.77756e+03    2.71560e+05   -1.65872e+04   -2.91695e+06    9.10989e+03
 Position Rest.      Potential    Kinetic En.   Total Energy  Conserved En.
    1.73761e+02   -2.64198e+06    4.81792e+05   -2.16018e+06   -2.72129e+06
    Temperature Pres. DC (bar) Pressure (bar)   Constr. rmsd
    3.10768e+02   -1.44482e+02   -6.19322e+02    4.02505e-05

           Step           Time
          15500       31.00000

   Energies (kJ/mol)
            U-B    Proper Dih.  Improper Dih.      CMAP Dih.          LJ-14
    1.06632e+03    1.31705e+03    5.69731e+01   -2.45569e+01    4.28375e+02
     Coulomb-14        LJ (SR)  Disper. corr.   Coulomb (SR)   Coul. recip.
    7.76814e+03    2.76637e+05   -1.65872e+04   -2.92215e+06    9.16210e+03
 Position Rest.      Potential    Kinetic En.   Total Energy  Conserved En.
    2.03854e+02   -2.64213e+06    4.78049e+05   -2.16408e+06   -2.72128e+06
    Temperature Pres. DC (bar) Pressure (bar)   Constr. rmsd
    3.08354e+02   -1.44482e+02   -5.66956e+02    4.01386e-05

DD  step 15999 load imb.: force  5.4%

           Step           Time
          16000       32.00000

   Energies (kJ/mol)
            U-B    Proper Dih.  Improper Dih.      CMAP Dih.          LJ-14
    1.12917e+03    1.31622e+03    6.44946e+01   -1.94856e+00    4.37617e+02
     Coulomb-14        LJ (SR)  Disper. corr.   Coulomb (SR)   Coul. recip.
    7.78629e+03    2.74048e+05   -1.65872e+04   -2.91905e+06    9.17189e+03
 Position Rest.      Potential    Kinetic En.   Total Energy  Conserved En.
    1.87365e+02   -2.64150e+06    4.80816e+05   -2.16068e+06   -2.72135e+06
    Temperature Pres. DC (bar) Pressure (bar)   Constr. rmsd
    3.10139e+02   -1.44482e+02   -5.23074e+02    3.78320e-05

           Step           Time
          16500       33.00000

   Energies (kJ/mol)
            U-B    Proper Dih.  Improper Dih.      CMAP Dih.          LJ-14
    1.07488e+03    1.31265e+03    5.74134e+01    1.50094e+01    4.26053e+02
     Coulomb-14        LJ (SR)  Disper. corr.   Coulomb (SR)   Coul. recip.
    7.83708e+03    2.72052e+05   -1.65872e+04   -2.91820e+06    9.15497e+03
 Position Rest.      Potential    Kinetic En.   Total Energy  Conserved En.
    1.66901e+02   -2.64269e+06    4.81531e+05   -2.16116e+06   -2.72138e+06
    Temperature Pres. DC (bar) Pressure (bar)   Constr. rmsd
    3.10600e+02   -1.44482e+02   -6.49550e+02    4.25483e-05

DD  step 16999 load imb.: force  5.9%

           Step           Time
          17000       34.00000

   Energies (kJ/mol)
            U-B    Proper Dih.  Improper Dih.      CMAP Dih.          LJ-14
    1.05980e+03    1.36186e+03    8.03390e+01   -5.07420e+00    4.41540e+02
     Coulomb-14        LJ (SR)  Disper. corr.   Coulomb (SR)   Coul. recip.
    7.78992e+03    2.72567e+05   -1.65872e+04   -2.91827e+06    9.19412e+03
 Position Rest.      Potential    Kinetic En.   Total Energy  Conserved En.
    1.91389e+02   -2.64217e+06    4.79763e+05   -2.16241e+06   -2.72142e+06
    Temperature Pres. DC (bar) Pressure (bar)   Constr. rmsd
    3.09459e+02   -1.44482e+02   -6.81908e+02    3.71333e-05

           Step           Time
          17500       35.00000

   Energies (kJ/mol)
            U-B    Proper Dih.  Improper Dih.      CMAP Dih.          LJ-14
    1.02536e+03    1.31967e+03    6.78553e+01    1.40825e+01    4.44357e+02
     Coulomb-14        LJ (SR)  Disper. corr.   Coulomb (SR)   Coul. recip.
    7.77139e+03    2.75518e+05   -1.65872e+04   -2.92280e+06    9.10011e+03
 Position Rest.      Potential    Kinetic En.   Total Energy  Conserved En.
    1.87511e+02   -2.64394e+06    4.80852e+05   -2.16309e+06   -2.72144e+06
    Temperature Pres. DC (bar) Pressure (bar)   Constr. rmsd
    3.10162e+02   -1.44482e+02   -5.65694e+02    3.48306e-05

DD  step 17999 load imb.: force  5.3%

           Step           Time
          18000       36.00000

   Energies (kJ/mol)
            U-B    Proper Dih.  Improper Dih.      CMAP Dih.          LJ-14
    1.07854e+03    1.35180e+03    6.47567e+01    1.38947e+00    4.65038e+02
     Coulomb-14        LJ (SR)  Disper. corr.   Coulomb (SR)   Coul. recip.
    7.79768e+03    2.73187e+05   -1.65872e+04   -2.91554e+06    9.09673e+03
 Position Rest.      Potential    Kinetic En.   Total Energy  Conserved En.
    2.17723e+02   -2.63887e+06    4.81945e+05   -2.15692e+06   -2.72149e+06
    Temperature Pres. DC (bar) Pressure (bar)   Constr. rmsd
    3.10866e+02   -1.44482e+02   -5.87251e+02    3.68686e-05

           Step           Time
          18500       37.00000

   Energies (kJ/mol)
            U-B    Proper Dih.  Improper Dih.      CMAP Dih.          LJ-14
    1.17230e+03    1.34781e+03    8.15622e+01   -9.14316e+00    4.52372e+02
     Coulomb-14        LJ (SR)  Disper. corr.   Coulomb (SR)   Coul. recip.
    7.72165e+03    2.75447e+05   -1.65872e+04   -2.91939e+06    9.05265e+03
 Position Rest.      Potential    Kinetic En.   Total Energy  Conserved En.
    1.87952e+02   -2.64052e+06    4.82052e+05   -2.15847e+06   -2.72156e+06
    Temperature Pres. DC (bar) Pressure (bar)   Constr. rmsd
    3.10936e+02   -1.44482e+02   -5.79434e+02    3.54880e-05

DD  step 18999 load imb.: force  6.3%

           Step           Time
          19000       38.00000

   Energies (kJ/mol)
            U-B    Proper Dih.  Improper Dih.      CMAP Dih.          LJ-14
    1.09823e+03    1.38125e+03    7.24895e+01   -3.94410e+00    4.63000e+02
     Coulomb-14        LJ (SR)  Disper. corr.   Coulomb (SR)   Coul. recip.
    7.77257e+03    2.75465e+05   -1.65872e+04   -2.91759e+06    9.22387e+03
 Position Rest.      Potential    Kinetic En.   Total Energy  Conserved En.
    2.18238e+02   -2.63849e+06    4.81882e+05   -2.15660e+06   -2.72156e+06
    Temperature Pres. DC (bar) Pressure (bar)   Constr. rmsd
    3.10826e+02   -1.44482e+02   -4.87096e+02    3.57603e-05

           Step           Time
          19500       39.00000

   Energies (kJ/mol)
            U-B    Proper Dih.  Improper Dih.      CMAP Dih.          LJ-14
    1.02010e+03    1.33415e+03    7.35912e+01    1.76423e+01    4.32553e+02
     Coulomb-14        LJ (SR)  Disper. corr.   Coulomb (SR)   Coul. recip.
    7.76714e+03    2.74524e+05   -1.65872e+04   -2.91923e+06    9.07332e+03
 Position Rest.      Potential    Kinetic En.   Total Energy  Conserved En.
    1.71443e+02   -2.64140e+06    4.79028e+05   -2.16237e+06   -2.72162e+06
    Temperature Pres. DC (bar) Pressure (bar)   Constr. rmsd
    3.08985e+02   -1.44482e+02   -5.85278e+02    3.69104e-05

DD  step 19999 load imb.: force  6.4%

           Step           Time
          20000       40.00000

   Energies (kJ/mol)
            U-B    Proper Dih.  Improper Dih.      CMAP Dih.          LJ-14
    1.08073e+03    1.34437e+03    7.24332e+01    1.00674e+00    4.59828e+02
     Coulomb-14        LJ (SR)  Disper. corr.   Coulomb (SR)   Coul. recip.
    7.78972e+03    2.73521e+05   -1.65872e+04   -2.91808e+06    9.00372e+03
 Position Rest.      Potential    Kinetic En.   Total Energy  Conserved En.
    2.08732e+02   -2.64119e+06    4.78887e+05   -2.16230e+06   -2.72162e+06
    Temperature Pres. DC (bar) Pressure (bar)   Constr. rmsd
    3.08894e+02   -1.44482e+02   -6.26395e+02    3.40364e-05

           Step           Time
          20500       41.00000

   Energies (kJ/mol)
            U-B    Proper Dih.  Improper Dih.      CMAP Dih.          LJ-14
    1.05498e+03    1.33668e+03    7.19857e+01   -1.49595e+00    4.40629e+02
     Coulomb-14        LJ (SR)  Disper. corr.   Coulomb (SR)   Coul. recip.
    7.72533e+03    2.72569e+05   -1.65872e+04   -2.91658e+06    9.15446e+03
 Position Rest.      Potential    Kinetic En.   Total Energy  Conserved En.
    1.72353e+02   -2.64064e+06    4.78861e+05   -2.16178e+06   -2.72168e+06
    Temperature Pres. DC (bar) Pressure (bar)   Constr. rmsd
    3.08877e+02   -1.44482e+02   -6.03323e+02    3.78541e-05

DD  step 20999 load imb.: force  6.0%

           Step           Time
          21000       42.00000

   Energies (kJ/mol)
            U-B    Proper Dih.  Improper Dih.      CMAP Dih.          LJ-14
    1.02028e+03    1.37026e+03    6.90541e+01   -1.42542e+01    4.48932e+02
     Coulomb-14        LJ (SR)  Disper. corr.   Coulomb (SR)   Coul. recip.
    7.79294e+03    2.74624e+05   -1.65872e+04   -2.92103e+06    9.06179e+03
 Position Rest.      Potential    Kinetic En.   Total Energy  Conserved En.
    2.01983e+02   -2.64304e+06    4.80721e+05   -2.16232e+06   -2.72172e+06
    Temperature Pres. DC (bar) Pressure (bar)   Constr. rmsd
    3.10077e+02   -1.44482e+02   -5.66317e+02    3.55572e-05

           Step           Time
          21500       43.00000

   Energies (kJ/mol)
            U-B    Proper Dih.  Improper Dih.      CMAP Dih.          LJ-14
    1.07819e+03    1.37571e+03    6.55797e+01   -1.28561e+01    4.25630e+02
     Coulomb-14        LJ (SR)  Disper. corr.   Coulomb (SR)   Coul. recip.
    7.72320e+03    2.77305e+05   -1.65872e+04   -2.92598e+06    9.20036e+03
 Position Rest.      Potential    Kinetic En.   Total Energy  Conserved En.
    1.63442e+02   -2.64525e+06    4.80856e+05   -2.16439e+06   -2.72175e+06
    Temperature Pres. DC (bar) Pressure (bar)   Constr. rmsd
    3.10164e+02   -1.44482e+02   -5.41304e+02    4.62591e-05

DD  step 21999 load imb.: force  6.4%

           Step           Time
          22000       44.00000

   Energies (kJ/mol)
            U-B    Proper Dih.  Improper Dih.      CMAP Dih.          LJ-14
    1.07044e+03    1.33396e+03    6.11751e+01   -2.43530e+00    4.62045e+02
     Coulomb-14        LJ (SR)  Disper. corr.   Coulomb (SR)   Coul. recip.
    7.71830e+03    2.76248e+05   -1.65872e+04   -2.92028e+06    9.03512e+03
 Position Rest.      Potential    Kinetic En.   Total Energy  Conserved En.
    1.54119e+02   -2.64078e+06    4.80942e+05   -2.15984e+06   -2.72180e+06
    Temperature Pres. DC (bar) Pressure (bar)   Constr. rmsd
    3.10220e+02   -1.44482e+02   -4.50814e+02    3.88186e-05

           Step           Time
          22500       45.00000

   Energies (kJ/mol)
            U-B    Proper Dih.  Improper Dih.      CMAP Dih.          LJ-14
    1.17279e+03    1.37101e+03    8.71897e+01   -2.11120e+01    4.40249e+02
     Coulomb-14        LJ (SR)  Disper. corr.   Coulomb (SR)   Coul. recip.
    7.76238e+03    2.73716e+05   -1.65872e+04   -2.91734e+06    9.03058e+03
 Position Rest.      Potential    Kinetic En.   Total Energy  Conserved En.
    1.73072e+02   -2.64020e+06    4.79722e+05   -2.16048e+06   -2.72185e+06
    Temperature Pres. DC (bar) Pressure (bar)   Constr. rmsd
    3.09433e+02   -1.44482e+02   -5.79979e+02    3.76189e-05

DD  step 22999 load imb.: force  5.8%

           Step           Time
          23000       46.00000

   Energies (kJ/mol)
            U-B    Proper Dih.  Improper Dih.      CMAP Dih.          LJ-14
    1.12019e+03    1.32984e+03    6.18710e+01   -8.87327e+00    4.35902e+02
     Coulomb-14        LJ (SR)  Disper. corr.   Coulomb (SR)   Coul. recip.
    7.76043e+03    2.75874e+05   -1.65872e+04   -2.92101e+06    9.10659e+03
 Position Rest.      Potential    Kinetic En.   Total Energy  Conserved En.
    2.16086e+02   -2.64170e+06    4.80292e+05   -2.16141e+06   -2.72188e+06
    Temperature Pres. DC (bar) Pressure (bar)   Constr. rmsd
    3.09800e+02   -1.44482e+02   -5.70636e+02    4.32653e-05

           Step           Time
          23500       47.00000

   Energies (kJ/mol)
            U-B    Proper Dih.  Improper Dih.      CMAP Dih.          LJ-14
    1.07899e+03    1.31049e+03    7.96494e+01   -1.10763e+01    4.52357e+02
     Coulomb-14        LJ (SR)  Disper. corr.   Coulomb (SR)   Coul. recip.
    7.75619e+03    2.74682e+05   -1.65872e+04   -2.92090e+06    9.04833e+03
 Position Rest.      Potential    Kinetic En.   Total Energy  Conserved En.
    1.66310e+02   -2.64292e+06    4.79808e+05   -2.16311e+06   -2.72191e+06
    Temperature Pres. DC (bar) Pressure (bar)   Constr. rmsd
    3.09489e+02   -1.44482e+02   -6.18056e+02    4.42063e-05

DD  step 23999 load imb.: force  5.1%

           Step           Time
          24000       48.00000

   Energies (kJ/mol)
            U-B    Proper Dih.  Improper Dih.      CMAP Dih.          LJ-14
    1.10544e+03    1.32305e+03    5.47112e+01   -8.54138e+00    4.36370e+02
     Coulomb-14        LJ (SR)  Disper. corr.   Coulomb (SR)   Coul. recip.
    7.74936e+03    2.72068e+05   -1.65872e+04   -2.91720e+06    9.08577e+03
 Position Rest.      Potential    Kinetic En.   Total Energy  Conserved En.
    1.77249e+02   -2.64180e+06    4.81247e+05   -2.16055e+06   -2.72199e+06
    Temperature Pres. DC (bar) Pressure (bar)   Constr. rmsd
    3.10416e+02   -1.44482e+02   -6.94825e+02    3.63006e-05

           Step           Time
          24500       49.00000

   Energies (kJ/mol)
            U-B    Proper Dih.  Improper Dih.      CMAP Dih.          LJ-14
    1.09641e+03    1.32073e+03    7.45111e+01   -1.39964e+01    4.49849e+02
     Coulomb-14        LJ (SR)  Disper. corr.   Coulomb (SR)   Coul. recip.
    7.70517e+03    2.74189e+05   -1.65872e+04   -2.92070e+06    9.09346e+03
 Position Rest.      Potential    Kinetic En.   Total Energy  Conserved En.
    1.70559e+02   -2.64320e+06    4.81324e+05   -2.16188e+06   -2.72202e+06
    Temperature Pres. DC (bar) Pressure (bar)   Constr. rmsd
    3.10466e+02   -1.44482e+02   -6.10853e+02    4.15470e-05

DD  step 24999 load imb.: force  5.0%

           Step           Time
          25000       50.00000

   Energies (kJ/mol)
            U-B    Proper Dih.  Improper Dih.      CMAP Dih.          LJ-14
    1.03068e+03    1.35044e+03    4.74823e+01   -2.02224e+01    4.69991e+02
     Coulomb-14        LJ (SR)  Disper. corr.   Coulomb (SR)   Coul. recip.
    7.75245e+03    2.74582e+05   -1.65872e+04   -2.92015e+06    9.08505e+03
 Position Rest.      Potential    Kinetic En.   Total Energy  Conserved En.
    1.84896e+02   -2.64226e+06    4.81657e+05   -2.16060e+06   -2.72204e+06
    Temperature Pres. DC (bar) Pressure (bar)   Constr. rmsd
    3.10681e+02   -1.44482e+02   -5.78309e+02    3.80530e-05

           Step           Time
          25500       51.00000

   Energies (kJ/mol)
            U-B    Proper Dih.  Improper Dih.      CMAP Dih.          LJ-14
    1.13451e+03    1.33660e+03    6.25692e+01   -2.30459e+01    4.60810e+02
     Coulomb-14        LJ (SR)  Disper. corr.   Coulomb (SR)   Coul. recip.
    7.81415e+03    2.73511e+05   -1.65872e+04   -2.91959e+06    9.01444e+03
 Position Rest.      Potential    Kinetic En.   Total Energy  Conserved En.
    1.73817e+02   -2.64269e+06    4.81661e+05   -2.16103e+06   -2.72208e+06
    Temperature Pres. DC (bar) Pressure (bar)   Constr. rmsd
    3.10683e+02   -1.44482e+02   -6.32180e+02    3.62803e-05

DD  step 25999 load imb.: force  5.9%

           Step           Time
          26000       52.00000

   Energies (kJ/mol)
            U-B    Proper Dih.  Improper Dih.      CMAP Dih.          LJ-14
    1.10309e+03    1.36538e+03    5.63773e+01    6.75783e-02    4.38549e+02
     Coulomb-14        LJ (SR)  Disper. corr.   Coulomb (SR)   Coul. recip.
    7.77449e+03    2.75063e+05   -1.65872e+04   -2.91987e+06    9.01174e+03
 Position Rest.      Potential    Kinetic En.   Total Energy  Conserved En.
    1.84080e+02   -2.64146e+06    4.78864e+05   -2.16259e+06   -2.72211e+06
    Temperature Pres. DC (bar) Pressure (bar)   Constr. rmsd
    3.08879e+02   -1.44482e+02   -6.24773e+02    4.53252e-05

           Step           Time
          26500       53.00000

   Energies (kJ/mol)
            U-B    Proper Dih.  Improper Dih.      CMAP Dih.          LJ-14
    1.10099e+03    1.37119e+03    5.45955e+01   -2.15616e+00    4.51487e+02
     Coulomb-14        LJ (SR)  Disper. corr.   Coulomb (SR)   Coul. recip.
    7.86496e+03    2.74735e+05   -1.65872e+04   -2.92005e+06    9.30722e+03
 Position Rest.      Potential    Kinetic En.   Total Energy  Conserved En.
    1.78922e+02   -2.64158e+06    4.82116e+05   -2.15946e+06   -2.72216e+06
    Temperature Pres. DC (bar) Pressure (bar)   Constr. rmsd
    3.10977e+02   -1.44482e+02   -5.29945e+02    3.28553e-05

DD  step 26999 load imb.: force  5.6%

           Step           Time
          27000       54.00000

   Energies (kJ/mol)
            U-B    Proper Dih.  Improper Dih.      CMAP Dih.          LJ-14
    1.06757e+03    1.30420e+03    6.25435e+01    4.68107e-01    4.59005e+02
     Coulomb-14        LJ (SR)  Disper. corr.   Coulomb (SR)   Coul. recip.
    7.75984e+03    2.73128e+05   -1.65872e+04   -2.91965e+06    9.03091e+03
 Position Rest.      Potential    Kinetic En.   Total Energy  Conserved En.
    1.68617e+02   -2.64326e+06    4.80157e+05   -2.16310e+06   -2.72221e+06
    Temperature Pres. DC (bar) Pressure (bar)   Constr. rmsd
    3.09714e+02   -1.44482e+02   -6.64634e+02    3.91767e-05

           Step           Time
          27500       55.00000

   Energies (kJ/mol)
            U-B    Proper Dih.  Improper Dih.      CMAP Dih.          LJ-14
    1.12710e+03    1.37165e+03    7.50116e+01    1.81419e+00    4.48142e+02
     Coulomb-14        LJ (SR)  Disper. corr.   Coulomb (SR)   Coul. recip.
    7.69356e+03    2.76397e+05   -1.65872e+04   -2.91902e+06    9.12985e+03
 Position Rest.      Potential    Kinetic En.   Total Energy  Conserved En.
    1.39334e+02   -2.63922e+06    4.80783e+05   -2.15844e+06   -2.72222e+06
    Temperature Pres. DC (bar) Pressure (bar)   Constr. rmsd
    3.10117e+02   -1.44482e+02   -4.92869e+02    3.83573e-05

DD  step 27999 load imb.: force  6.0%

           Step           Time
          28000       56.00000

   Energies (kJ/mol)
            U-B    Proper Dih.  Improper Dih.      CMAP Dih.          LJ-14
    1.20434e+03    1.34455e+03    7.64537e+01   -5.62084e+00    4.12986e+02
     Coulomb-14        LJ (SR)  Disper. corr.   Coulomb (SR)   Coul. recip.
    7.79677e+03    2.72352e+05   -1.65872e+04   -2.91715e+06    9.15987e+03
 Position Rest.      Potential    Kinetic En.   Total Energy  Conserved En.
    1.97181e+02   -2.64120e+06    4.80711e+05   -2.16048e+06   -2.72226e+06
    Temperature Pres. DC (bar) Pressure (bar)   Constr. rmsd
    3.10070e+02   -1.44482e+02   -6.64181e+02    4.20627e-05

           Step           Time
          28500       57.00000

   Energies (kJ/mol)
            U-B    Proper Dih.  Improper Dih.      CMAP Dih.          LJ-14
    1.10729e+03    1.32565e+03    6.53289e+01   -3.32814e+01    4.69816e+02
     Coulomb-14        LJ (SR)  Disper. corr.   Coulomb (SR)   Coul. recip.
    7.79672e+03    2.75707e+05   -1.65872e+04   -2.92260e+06    8.87048e+03
 Position Rest.      Potential    Kinetic En.   Total Energy  Conserved En.
    1.59019e+02   -2.64372e+06    4.80251e+05   -2.16347e+06   -2.72233e+06
    Temperature Pres. DC (bar) Pressure (bar)   Constr. rmsd
    3.09774e+02   -1.44482e+02   -5.59962e+02    3.82497e-05

DD  step 28999 load imb.: force  6.1%

           Step           Time
          29000       58.00000

   Energies (kJ/mol)
            U-B    Proper Dih.  Improper Dih.      CMAP Dih.          LJ-14
    1.16767e+03    1.33447e+03    6.33962e+01   -7.77314e+00    4.50675e+02
     Coulomb-14        LJ (SR)  Disper. corr.   Coulomb (SR)   Coul. recip.
    7.69292e+03    2.75314e+05   -1.65872e+04   -2.92043e+06    9.14951e+03
 Position Rest.      Potential    Kinetic En.   Total Energy  Conserved En.
    1.90016e+02   -2.64166e+06    4.80219e+05   -2.16144e+06   -2.72233e+06
    Temperature Pres. DC (bar) Pressure (bar)   Constr. rmsd
    3.09753e+02   -1.44482e+02   -5.01506e+02    4.04491e-05

           Step           Time
          29500       59.00000

   Energies (kJ/mol)
            U-B    Proper Dih.  Improper Dih.      CMAP Dih.          LJ-14
    1.08297e+03    1.36802e+03    7.04733e+01   -9.27528e+00    4.53696e+02
     Coulomb-14        LJ (SR)  Disper. corr.   Coulomb (SR)   Coul. recip.
    7.80620e+03    2.73662e+05   -1.65872e+04   -2.91813e+06    9.14356e+03
 Position Rest.      Potential    Kinetic En.   Total Energy  Conserved En.
    2.19424e+02   -2.64092e+06    4.78891e+05   -2.16203e+06   -2.72240e+06
    Temperature Pres. DC (bar) Pressure (bar)   Constr. rmsd
    3.08897e+02   -1.44482e+02   -5.77281e+02    3.84120e-05

DD  step 29999 load imb.: force  6.4%

           Step           Time
          30000       60.00000

   Energies (kJ/mol)
            U-B    Proper Dih.  Improper Dih.      CMAP Dih.          LJ-14
    1.15137e+03    1.37725e+03    7.20894e+01   -1.13902e+01    4.21981e+02
     Coulomb-14        LJ (SR)  Disper. corr.   Coulomb (SR)   Coul. recip.
    7.78536e+03    2.74574e+05   -1.65872e+04   -2.92117e+06    9.04630e+03
 Position Rest.      Potential    Kinetic En.   Total Energy  Conserved En.
    1.95086e+02   -2.64315e+06    4.82051e+05   -2.16110e+06   -2.72241e+06
    Temperature Pres. DC (bar) Pressure (bar)   Constr. rmsd
    3.10935e+02   -1.44482e+02   -5.53903e+02    3.74895e-05

           Step           Time
          30500       61.00000

   Energies (kJ/mol)
            U-B    Proper Dih.  Improper Dih.      CMAP Dih.          LJ-14
    1.07603e+03    1.35318e+03    9.81645e+01   -5.91563e+01    4.60556e+02
     Coulomb-14        LJ (SR)  Disper. corr.   Coulomb (SR)   Coul. recip.
    7.80507e+03    2.75533e+05   -1.65872e+04   -2.91873e+06    9.16068e+03
 Position Rest.      Potential    Kinetic En.   Total Energy  Conserved En.
    2.09902e+02   -2.63968e+06    4.79647e+05   -2.16003e+06   -2.72245e+06
    Temperature Pres. DC (bar) Pressure (bar)   Constr. rmsd
    3.09384e+02   -1.44482e+02   -5.07872e+02    3.48705e-05

DD  step 30999 load imb.: force  5.3%

           Step           Time
          31000       62.00000

   Energies (kJ/mol)
            U-B    Proper Dih.  Improper Dih.      CMAP Dih.          LJ-14
    1.13233e+03    1.33913e+03    8.35569e+01   -2.77553e+01    4.54394e+02
     Coulomb-14        LJ (SR)  Disper. corr.   Coulomb (SR)   Coul. recip.
    7.67614e+03    2.76568e+05   -1.65872e+04   -2.92203e+06    9.15478e+03
 Position Rest.      Potential    Kinetic En.   Total Energy  Conserved En.
    1.77042e+02   -2.64206e+06    4.80898e+05   -2.16116e+06   -2.72252e+06
    Temperature Pres. DC (bar) Pressure (bar)   Constr. rmsd
    3.10192e+02   -1.44482e+02   -5.47272e+02    4.30569e-05

           Step           Time
          31500       63.00000

   Energies (kJ/mol)
            U-B    Proper Dih.  Improper Dih.      CMAP Dih.          LJ-14
    1.17431e+03    1.32702e+03    6.43970e+01   -6.03514e+00    4.73934e+02
     Coulomb-14        LJ (SR)  Disper. corr.   Coulomb (SR)   Coul. recip.
    7.73694e+03    2.73969e+05   -1.65872e+04   -2.91899e+06    9.06311e+03
 Position Rest.      Potential    Kinetic En.   Total Energy  Conserved En.
    1.65341e+02   -2.64160e+06    4.82538e+05   -2.15907e+06   -2.72255e+06
    Temperature Pres. DC (bar) Pressure (bar)   Constr. rmsd
    3.11249e+02   -1.44482e+02   -5.77429e+02    3.92696e-05

DD  step 31999 load imb.: force  5.5%

           Step           Time
          32000       64.00000

   Energies (kJ/mol)
            U-B    Proper Dih.  Improper Dih.      CMAP Dih.          LJ-14
    1.14508e+03    1.32769e+03    8.61490e+01    1.08586e+00    4.42740e+02
     Coulomb-14        LJ (SR)  Disper. corr.   Coulomb (SR)   Coul. recip.
    7.67204e+03    2.75170e+05   -1.65872e+04   -2.91762e+06    9.19682e+03
 Position Rest.      Potential    Kinetic En.   Total Energy  Conserved En.
    1.60669e+02   -2.63900e+06    4.81643e+05   -2.15736e+06   -2.72257e+06
    Temperature Pres. DC (bar) Pressure (bar)   Constr. rmsd
    3.10672e+02   -1.44482e+02   -5.47176e+02    4.00403e-05

           Step           Time
          32500       65.00000

   Energies (kJ/mol)
            U-B    Proper Dih.  Improper Dih.      CMAP Dih.          LJ-14
    1.06827e+03    1.36877e+03    7.82400e+01   -4.74904e+01    4.53609e+02
     Coulomb-14        LJ (SR)  Disper. corr.   Coulomb (SR)   Coul. recip.
    7.88715e+03    2.74252e+05   -1.65872e+04   -2.92032e+06    9.05660e+03
 Position Rest.      Potential    Kinetic En.   Total Energy  Conserved En.
    1.95766e+02   -2.64259e+06    4.81728e+05   -2.16086e+06   -2.72263e+06
    Temperature Pres. DC (bar) Pressure (bar)   Constr. rmsd
    3.10727e+02   -1.44482e+02   -5.57496e+02    3.67494e-05

DD  step 32999 load imb.: force  6.2%

           Step           Time
          33000       66.00000

   Energies (kJ/mol)
            U-B    Proper Dih.  Improper Dih.      CMAP Dih.          LJ-14
    1.13688e+03    1.37484e+03    5.98703e+01   -2.41986e+01    4.47991e+02
     Coulomb-14        LJ (SR)  Disper. corr.   Coulomb (SR)   Coul. recip.
    7.69028e+03    2.75320e+05   -1.65872e+04   -2.92058e+06    9.10798e+03
 Position Rest.      Potential    Kinetic En.   Total Energy  Conserved En.
    1.73489e+02   -2.64188e+06    4.81302e+05   -2.16058e+06   -2.72264e+06
    Temperature Pres. DC (bar) Pressure (bar)   Constr. rmsd
    3.10452e+02   -1.44482e+02   -5.58212e+02    4.17739e-05

           Step           Time
          33500       67.00000

   Energies (kJ/mol)
            U-B    Proper Dih.  Improper Dih.      CMAP Dih.          LJ-14
    1.06058e+03    1.35726e+03    8.38895e+01   -2.04404e+01    4.66309e+02
     Coulomb-14        LJ (SR)  Disper. corr.   Coulomb (SR)   Coul. recip.
    7.78262e+03    2.78691e+05   -1.65872e+04   -2.92494e+06    9.07483e+03
 Position Rest.      Potential    Kinetic En.   Total Energy  Conserved En.
    1.86443e+02   -2.64285e+06    4.80782e+05   -2.16207e+06   -2.72269e+06
    Temperature Pres. DC (bar) Pressure (bar)   Constr. rmsd
    3.10116e+02   -1.44482e+02   -4.34180e+02    3.40841e-05

DD  step 33999 load imb.: force  6.3%

           Step           Time
          34000       68.00000

   Energies (kJ/mol)
            U-B    Proper Dih.  Improper Dih.      CMAP Dih.          LJ-14
    1.15939e+03    1.33101e+03    5.99284e+01   -2.01787e+01    4.50937e+02
     Coulomb-14        LJ (SR)  Disper. corr.   Coulomb (SR)   Coul. recip.
    7.73055e+03    2.75314e+05   -1.65872e+04   -2.92059e+06    9.15691e+03
 Position Rest.      Potential    Kinetic En.   Total Energy  Conserved En.
    2.19815e+02   -2.64177e+06    4.81399e+05   -2.16037e+06   -2.72270e+06
    Temperature Pres. DC (bar) Pressure (bar)   Constr. rmsd
    3.10514e+02   -1.44482e+02   -5.63340e+02    3.91490e-05

           Step           Time
          34500       69.00000

   Energies (kJ/mol)
            U-B    Proper Dih.  Improper Dih.      CMAP Dih.          LJ-14
    1.07222e+03    1.33283e+03    5.19687e+01   -1.54135e+01    4.44817e+02
     Coulomb-14        LJ (SR)  Disper. corr.   Coulomb (SR)   Coul. recip.
    7.75277e+03    2.75439e+05   -1.65872e+04   -2.91907e+06    9.00002e+03
 Position Rest.      Potential    Kinetic En.   Total Energy  Conserved En.
    1.86946e+02   -2.64039e+06    4.78220e+05   -2.16217e+06   -2.72273e+06
    Temperature Pres. DC (bar) Pressure (bar)   Constr. rmsd
    3.08464e+02   -1.44482e+02   -5.94379e+02    3.83583e-05

DD  step 34999 load imb.: force  5.6%

           Step           Time
          35000       70.00000

   Energies (kJ/mol)
            U-B    Proper Dih.  Improper Dih.      CMAP Dih.          LJ-14
    1.21132e+03    1.36420e+03    7.95775e+01   -1.40456e+01    4.36139e+02
     Coulomb-14        LJ (SR)  Disper. corr.   Coulomb (SR)   Coul. recip.
    7.80473e+03    2.74520e+05   -1.65872e+04   -2.91878e+06    9.06853e+03
 Position Rest.      Potential    Kinetic En.   Total Energy  Conserved En.
    1.78352e+02   -2.64071e+06    4.82149e+05   -2.15857e+06   -2.72281e+06
    Temperature Pres. DC (bar) Pressure (bar)   Constr. rmsd
    3.10998e+02   -1.44482e+02   -5.73562e+02    3.88023e-05

           Step           Time
          35500       71.00000

   Energies (kJ/mol)
            U-B    Proper Dih.  Improper Dih.      CMAP Dih.          LJ-14
    1.09650e+03    1.35033e+03    6.81278e+01   -1.05198e+00    4.59346e+02
     Coulomb-14        LJ (SR)  Disper. corr.   Coulomb (SR)   Coul. recip.
    7.78148e+03    2.77084e+05   -1.65872e+04   -2.92338e+06    9.06460e+03
 Position Rest.      Potential    Kinetic En.   Total Energy  Conserved En.
    1.99202e+02   -2.64287e+06    4.81161e+05   -2.16171e+06   -2.72283e+06
    Temperature Pres. DC (bar) Pressure (bar)   Constr. rmsd
    3.10361e+02   -1.44482e+02   -4.96842e+02    3.91062e-05

DD  step 35999 load imb.: force  6.0%

           Step           Time
          36000       72.00000

   Energies (kJ/mol)
            U-B    Proper Dih.  Improper Dih.      CMAP Dih.          LJ-14
    1.00467e+03    1.35637e+03    5.60267e+01   -1.81935e+01    4.38959e+02
     Coulomb-14        LJ (SR)  Disper. corr.   Coulomb (SR)   Coul. recip.
    7.81477e+03    2.75385e+05   -1.65872e+04   -2.92083e+06    9.29549e+03
 Position Rest.      Potential    Kinetic En.   Total Energy  Conserved En.
    2.42885e+02   -2.64184e+06    4.79321e+05   -2.16252e+06   -2.72286e+06
    Temperature Pres. DC (bar) Pressure (bar)   Constr. rmsd
    3.09174e+02   -1.44482e+02   -5.07638e+02    3.58118e-05

           Step           Time
          36500       73.00000

   Energies (kJ/mol)
            U-B    Proper Dih.  Improper Dih.      CMAP Dih.          LJ-14
    1.17506e+03    1.31379e+03    7.91656e+01   -5.73752e+00    4.14289e+02
     Coulomb-14        LJ (SR)  Disper. corr.   Coulomb (SR)   Coul. recip.
    7.80907e+03    2.71821e+05   -1.65872e+04   -2.91499e+06    9.27724e+03
 Position Rest.      Potential    Kinetic En.   Total Energy  Conserved En.
    1.87672e+02   -2.63950e+06    4.81386e+05   -2.15812e+06   -2.72294e+06
    Temperature Pres. DC (bar) Pressure (bar)   Constr. rmsd
    3.10506e+02   -1.44482e+02   -6.13666e+02    4.22188e-05

DD  step 36999 load imb.: force  7.7%

           Step           Time
          37000       74.00000

   Energies (kJ/mol)
            U-B    Proper Dih.  Improper Dih.      CMAP Dih.          LJ-14
    1.06815e+03    1.31070e+03    8.80085e+01   -1.76633e+01    4.67255e+02
     Coulomb-14        LJ (SR)  Disper. corr.   Coulomb (SR)   Coul. recip.
    7.82632e+03    2.75059e+05   -1.65872e+04   -2.92044e+06    9.12165e+03
 Position Rest.      Potential    Kinetic En.   Total Energy  Conserved En.
    1.64133e+02   -2.64194e+06    4.79572e+05   -2.16236e+06   -2.72295e+06
    Temperature Pres. DC (bar) Pressure (bar)   Constr. rmsd
    3.09336e+02   -1.44482e+02   -5.69803e+02    3.78512e-05

           Step           Time
          37500       75.00000

   Energies (kJ/mol)
            U-B    Proper Dih.  Improper Dih.      CMAP Dih.          LJ-14
    1.18018e+03    1.35741e+03    7.27242e+01   -1.54186e+01    4.17225e+02
     Coulomb-14        LJ (SR)  Disper. corr.   Coulomb (SR)   Coul. recip.
    7.76802e+03    2.74218e+05   -1.65872e+04   -2.91746e+06    9.20297e+03
 Position Rest.      Potential    Kinetic En.   Total Energy  Conserved En.
    1.68529e+02   -2.63967e+06    4.81108e+05   -2.15856e+06   -2.72299e+06
    Temperature Pres. DC (bar) Pressure (bar)   Constr. rmsd
    3.10327e+02   -1.44482e+02   -4.82451e+02    4.10103e-05

DD  step 37999 load imb.: force  5.9%

           Step           Time
          38000       76.00000

   Energies (kJ/mol)
            U-B    Proper Dih.  Improper Dih.      CMAP Dih.          LJ-14
    1.18274e+03    1.32029e+03    6.43035e+01   -1.56591e+01    4.34957e+02
     Coulomb-14        LJ (SR)  Disper. corr.   Coulomb (SR)   Coul. recip.
    7.68644e+03    2.73314e+05   -1.65872e+04   -2.91929e+06    8.89672e+03
 Position Rest.      Potential    Kinetic En.   Total Energy  Conserved En.
    1.65813e+02   -2.64283e+06    4.81192e+05   -2.16164e+06   -2.72306e+06
    Temperature Pres. DC (bar) Pressure (bar)   Constr. rmsd
    3.10381e+02   -1.44482e+02   -6.37876e+02    3.88964e-05

           Step           Time
          38500       77.00000

   Energies (kJ/mol)
            U-B    Proper Dih.  Improper Dih.      CMAP Dih.          LJ-14
    1.08164e+03    1.35718e+03    9.40755e+01   -1.78727e+01    4.39033e+02
     Coulomb-14        LJ (SR)  Disper. corr.   Coulomb (SR)   Coul. recip.
    7.77681e+03    2.75474e+05   -1.65872e+04   -2.92202e+06    9.07680e+03
 Position Rest.      Potential    Kinetic En.   Total Energy  Conserved En.
    1.87080e+02   -2.64314e+06    4.82726e+05   -2.16042e+06   -2.72307e+06
    Temperature Pres. DC (bar) Pressure (bar)   Constr. rmsd
    3.11371e+02   -1.44482e+02   -5.71054e+02    3.72421e-05

DD  step 38999 load imb.: force  5.7%

           Step           Time
          39000       78.00000

   Energies (kJ/mol)
            U-B    Proper Dih.  Improper Dih.      CMAP Dih.          LJ-14
    1.10249e+03    1.37134e+03    6.94528e+01   -6.14747e+00    4.41268e+02
     Coulomb-14        LJ (SR)  Disper. corr.   Coulomb (SR)   Coul. recip.
    7.70441e+03    2.73832e+05   -1.65872e+04   -2.92036e+06    9.07511e+03
 Position Rest.      Potential    Kinetic En.   Total Energy  Conserved En.
    1.76131e+02   -2.64318e+06    4.80103e+05   -2.16308e+06   -2.72310e+06
    Temperature Pres. DC (bar) Pressure (bar)   Constr. rmsd
    3.09678e+02   -1.44482e+02   -5.88090e+02    4.21635e-05

           Step           Time
          39500       79.00000

   Energies (kJ/mol)
            U-B    Proper Dih.  Improper Dih.      CMAP Dih.          LJ-14
    1.11693e+03    1.36790e+03    5.87314e+01   -1.83948e+01    4.31563e+02
     Coulomb-14        LJ (SR)  Disper. corr.   Coulomb (SR)   Coul. recip.
    7.81896e+03    2.73542e+05   -1.65872e+04   -2.91698e+06    9.20083e+03
 Position Rest.      Potential    Kinetic En.   Total Energy  Conserved En.
    1.72681e+02   -2.63988e+06    4.80295e+05   -2.15958e+06   -2.72316e+06
    Temperature Pres. DC (bar) Pressure (bar)   Constr. rmsd
    3.09803e+02   -1.44482e+02   -5.89509e+02    4.17413e-05

DD  step 39999 load imb.: force  5.7%

           Step           Time
          40000       80.00000

   Energies (kJ/mol)
            U-B    Proper Dih.  Improper Dih.      CMAP Dih.          LJ-14
    1.12469e+03    1.35155e+03    4.96828e+01    8.81021e+00    4.27296e+02
     Coulomb-14        LJ (SR)  Disper. corr.   Coulomb (SR)   Coul. recip.
    7.80576e+03    2.76434e+05   -1.65872e+04   -2.92021e+06    8.97894e+03
 Position Rest.      Potential    Kinetic En.   Total Energy  Conserved En.
    1.66060e+02   -2.64045e+06    4.80372e+05   -2.16008e+06   -2.72318e+06
    Temperature Pres. DC (bar) Pressure (bar)   Constr. rmsd
    3.09852e+02   -1.44482e+02   -4.77036e+02    3.86666e-05

           Step           Time
          40500       81.00000

   Energies (kJ/mol)
            U-B    Proper Dih.  Improper Dih.      CMAP Dih.          LJ-14
    1.10499e+03    1.30059e+03    5.81070e+01    3.06768e+00    4.50251e+02
     Coulomb-14        LJ (SR)  Disper. corr.   Coulomb (SR)   Coul. recip.
    7.72520e+03    2.73121e+05   -1.65872e+04   -2.91689e+06    9.05823e+03
 Position Rest.      Potential    Kinetic En.   Total Energy  Conserved En.
    1.68056e+02   -2.64049e+06    4.81049e+05   -2.15944e+06   -2.72322e+06
    Temperature Pres. DC (bar) Pressure (bar)   Constr. rmsd
    3.10289e+02   -1.44482e+02   -5.98815e+02    3.60468e-05

DD  step 40999 load imb.: force  5.4%

           Step           Time
          41000       82.00000

   Energies (kJ/mol)
            U-B    Proper Dih.  Improper Dih.      CMAP Dih.          LJ-14
    1.05626e+03    1.39396e+03    7.98728e+01   -1.10340e+01    4.55923e+02
     Coulomb-14        LJ (SR)  Disper. corr.   Coulomb (SR)   Coul. recip.
    7.66777e+03    2.74520e+05   -1.65872e+04   -2.91973e+06    8.97244e+03
 Position Rest.      Potential    Kinetic En.   Total Energy  Conserved En.
    1.54408e+02   -2.64202e+06    4.80286e+05   -2.16174e+06   -2.72328e+06
    Temperature Pres. DC (bar) Pressure (bar)   Constr. rmsd
    3.09797e+02   -1.44482e+02   -5.77734e+02    3.80213e-05

           Step           Time
          41500       83.00000

   Energies (kJ/mol)
            U-B    Proper Dih.  Improper Dih.      CMAP Dih.          LJ-14
    9.81125e+02    1.35656e+03    6.76514e+01   -5.70240e+00    4.45535e+02
     Coulomb-14        LJ (SR)  Disper. corr.   Coulomb (SR)   Coul. recip.
    7.74728e+03    2.77246e+05   -1.65872e+04   -2.92534e+06    8.98914e+03
 Position Rest.      Potential    Kinetic En.   Total Energy  Conserved En.
    1.75374e+02   -2.64492e+06    4.80343e+05   -2.16458e+06   -2.72330e+06
    Temperature Pres. DC (bar) Pressure (bar)   Constr. rmsd
    3.09834e+02   -1.44482e+02   -5.18797e+02    3.66582e-05

DD  step 41999 load imb.: force  5.5%

           Step           Time
          42000       84.00000

   Energies (kJ/mol)
            U-B    Proper Dih.  Improper Dih.      CMAP Dih.          LJ-14
    1.03298e+03    1.35889e+03    5.10805e+01   -6.97761e+00    4.54965e+02
     Coulomb-14        LJ (SR)  Disper. corr.   Coulomb (SR)   Coul. recip.
    7.73297e+03    2.75442e+05   -1.65872e+04   -2.92131e+06    9.11801e+03
 Position Rest.      Potential    Kinetic En.   Total Energy  Conserved En.
    2.13752e+02   -2.64250e+06    4.79888e+05   -2.16262e+06   -2.72331e+06
    Temperature Pres. DC (bar) Pressure (bar)   Constr. rmsd
    3.09540e+02   -1.44482e+02   -6.09148e+02    3.69903e-05

           Step           Time
          42500       85.00000

   Energies (kJ/mol)
            U-B    Proper Dih.  Improper Dih.      CMAP Dih.          LJ-14
    1.07205e+03    1.36039e+03    7.53908e+01   -2.28395e+01    4.32471e+02
     Coulomb-14        LJ (SR)  Disper. corr.   Coulomb (SR)   Coul. recip.
    7.74021e+03    2.75218e+05   -1.65872e+04   -2.92034e+06    9.13841e+03
 Position Rest.      Potential    Kinetic En.   Total Energy  Conserved En.
    1.73326e+02   -2.64174e+06    4.79330e+05   -2.16241e+06   -2.72336e+06
    Temperature Pres. DC (bar) Pressure (bar)   Constr. rmsd
    3.09180e+02   -1.44482e+02   -5.62983e+02    3.82571e-05

DD  step 42999 load imb.: force  5.8%

           Step           Time
          43000       86.00000

   Energies (kJ/mol)
            U-B    Proper Dih.  Improper Dih.      CMAP Dih.          LJ-14
    1.15785e+03    1.31819e+03    7.68041e+01    4.95522e+00    4.36491e+02
     Coulomb-14        LJ (SR)  Disper. corr.   Coulomb (SR)   Coul. recip.
    7.70304e+03    2.75376e+05   -1.65872e+04   -2.92311e+06    8.91666e+03
 Position Rest.      Potential    Kinetic En.   Total Energy  Conserved En.
    1.63873e+02   -2.64454e+06    4.80838e+05   -2.16370e+06   -2.72339e+06
    Temperature Pres. DC (bar) Pressure (bar)   Constr. rmsd
    3.10153e+02   -1.44482e+02   -6.14481e+02    4.15592e-05

           Step           Time
          43500       87.00000

   Energies (kJ/mol)
            U-B    Proper Dih.  Improper Dih.      CMAP Dih.          LJ-14
    1.15334e+03    1.32027e+03    8.47252e+01   -7.00526e+00    4.51479e+02
     Coulomb-14        LJ (SR)  Disper. corr.   Coulomb (SR)   Coul. recip.
    7.78320e+03    2.73257e+05   -1.65872e+04   -2.92019e+06    8.97946e+03
 Position Rest.      Potential    Kinetic En.   Total Energy  Conserved En.
    1.75891e+02   -2.64358e+06    4.80222e+05   -2.16336e+06   -2.72343e+06
    Temperature Pres. DC (bar) Pressure (bar)   Constr. rmsd
    3.09755e+02   -1.44482e+02   -6.06705e+02    4.04442e-05

DD  step 43999 load imb.: force  5.1%

           Step           Time
          44000       88.00000

   Energies (kJ/mol)
            U-B    Proper Dih.  Improper Dih.      CMAP Dih.          LJ-14
    1.10727e+03    1.31933e+03    6.23206e+01   -1.84208e+01    4.52906e+02
     Coulomb-14        LJ (SR)  Disper. corr.   Coulomb (SR)   Coul. recip.
    7.75994e+03    2.76644e+05   -1.65872e+04   -2.92188e+06    9.12634e+03
 Position Rest.      Potential    Kinetic En.   Total Energy  Conserved En.
    1.80158e+02   -2.64183e+06    4.79415e+05   -2.16242e+06   -2.72346e+06
    Temperature Pres. DC (bar) Pressure (bar)   Constr. rmsd
    3.09235e+02   -1.44482e+02   -5.21047e+02    3.54117e-05

           Step           Time
          44500       89.00000

   Energies (kJ/mol)
            U-B    Proper Dih.  Improper Dih.      CMAP Dih.          LJ-14
    1.13553e+03    1.36079e+03    7.62934e+01   -2.86220e+00    4.50192e+02
     Coulomb-14        LJ (SR)  Disper. corr.   Coulomb (SR)   Coul. recip.
    7.71536e+03    2.76107e+05   -1.65872e+04   -2.92311e+06    9.24588e+03
 Position Rest.      Potential    Kinetic En.   Total Energy  Conserved En.
    1.99896e+02   -2.64340e+06    4.81338e+05   -2.16207e+06   -2.72352e+06
    Temperature Pres. DC (bar) Pressure (bar)   Constr. rmsd
    3.10475e+02   -1.44482e+02   -5.24468e+02    3.38811e-05

DD  step 44999 load imb.: force  5.6%

           Step           Time
          45000       90.00000

   Energies (kJ/mol)
            U-B    Proper Dih.  Improper Dih.      CMAP Dih.          LJ-14
    1.08040e+03    1.31200e+03    4.39700e+01   -2.75536e+01    4.44352e+02
     Coulomb-14        LJ (SR)  Disper. corr.   Coulomb (SR)   Coul. recip.
    7.66338e+03    2.73435e+05   -1.65872e+04   -2.92169e+06    9.12811e+03
 Position Rest.      Potential    Kinetic En.   Total Energy  Conserved En.
    1.65725e+02   -2.64503e+06    4.78102e+05   -2.16693e+06   -2.72354e+06
    Temperature Pres. DC (bar) Pressure (bar)   Constr. rmsd
    3.08388e+02   -1.44482e+02   -6.37717e+02    3.80502e-05

           Step           Time
          45500       91.00000

   Energies (kJ/mol)
            U-B    Proper Dih.  Improper Dih.      CMAP Dih.          LJ-14
    1.06544e+03    1.36182e+03    7.16565e+01    1.08353e+01    4.51803e+02
     Coulomb-14        LJ (SR)  Disper. corr.   Coulomb (SR)   Coul. recip.
    7.82261e+03    2.72056e+05   -1.65872e+04   -2.91642e+06    9.18763e+03
 Position Rest.      Potential    Kinetic En.   Total Energy  Conserved En.
    1.77069e+02   -2.64080e+06    4.81652e+05   -2.15915e+06   -2.72359e+06
    Temperature Pres. DC (bar) Pressure (bar)   Constr. rmsd
    3.10678e+02   -1.44482e+02   -6.29318e+02    3.52509e-05

DD  step 45999 load imb.: force  4.8%

           Step           Time
          46000       92.00000

   Energies (kJ/mol)
            U-B    Proper Dih.  Improper Dih.      CMAP Dih.          LJ-14
    1.11784e+03    1.37994e+03    5.66202e+01   -2.79756e+01    4.37663e+02
     Coulomb-14        LJ (SR)  Disper. corr.   Coulomb (SR)   Coul. recip.
    7.77914e+03    2.74570e+05   -1.65872e+04   -2.91674e+06    9.14035e+03
 Position Rest.      Potential    Kinetic En.   Total Energy  Conserved En.
    2.07417e+02   -2.63866e+06    4.80228e+05   -2.15844e+06   -2.72361e+06
    Temperature Pres. DC (bar) Pressure (bar)   Constr. rmsd
    3.09759e+02   -1.44482e+02   -5.19224e+02    3.65309e-05

           Step           Time
          46500       93.00000

   Energies (kJ/mol)
            U-B    Proper Dih.  Improper Dih.      CMAP Dih.          LJ-14
    1.08681e+03    1.35315e+03    8.33955e+01    1.20004e+01    4.36894e+02
     Coulomb-14        LJ (SR)  Disper. corr.   Coulomb (SR)   Coul. recip.
    7.74024e+03    2.75713e+05   -1.65872e+04   -2.92276e+06    9.17587e+03
 Position Rest.      Potential    Kinetic En.   Total Energy  Conserved En.
    1.89246e+02   -2.64355e+06    4.82277e+05   -2.16128e+06   -2.72366e+06
    Temperature Pres. DC (bar) Pressure (bar)   Constr. rmsd
    3.11081e+02   -1.44482e+02   -5.18213e+02    3.82668e-05

DD  step 46999 load imb.: force  6.2%

           Step           Time
          47000       94.00000

   Energies (kJ/mol)
            U-B    Proper Dih.  Improper Dih.      CMAP Dih.          LJ-14
    1.13727e+03    1.33567e+03    9.43584e+01   -1.95788e+01    4.42729e+02
     Coulomb-14        LJ (SR)  Disper. corr.   Coulomb (SR)   Coul. recip.
    7.71854e+03    2.74751e+05   -1.65872e+04   -2.91996e+06    9.12917e+03
 Position Rest.      Potential    Kinetic En.   Total Energy  Conserved En.
    2.09977e+02   -2.64175e+06    4.81626e+05   -2.16012e+06   -2.72369e+06
    Temperature Pres. DC (bar) Pressure (bar)   Constr. rmsd
    3.10661e+02   -1.44482e+02   -5.58425e+02    4.04907e-05

           Step           Time
          47500       95.00000

   Energies (kJ/mol)
            U-B    Proper Dih.  Improper Dih.      CMAP Dih.          LJ-14
    1.07449e+03    1.32746e+03    6.54294e+01   -3.02108e+01    4.50569e+02
     Coulomb-14        LJ (SR)  Disper. corr.   Coulomb (SR)   Coul. recip.
    7.79559e+03    2.74066e+05   -1.65872e+04   -2.91787e+06    9.05191e+03
 Position Rest.      Potential    Kinetic En.   Total Energy  Conserved En.
    2.05322e+02   -2.64045e+06    4.81027e+05   -2.15942e+06   -2.72372e+06
    Temperature Pres. DC (bar) Pressure (bar)   Constr. rmsd
    3.10275e+02   -1.44482e+02   -5.83935e+02    3.95204e-05

DD  step 47999 load imb.: force  5.4%

           Step           Time
          48000       96.00000

   Energies (kJ/mol)
            U-B    Proper Dih.  Improper Dih.      CMAP Dih.          LJ-14
    1.06075e+03    1.34996e+03    7.85927e+01    1.22361e+01    4.62469e+02
     Coulomb-14        LJ (SR)  Disper. corr.   Coulomb (SR)   Coul. recip.
    7.79265e+03    2.74030e+05   -1.65872e+04   -2.91979e+06    9.17262e+03
 Position Rest.      Potential    Kinetic En.   Total Energy  Conserved En.
    2.26610e+02   -2.64219e+06    4.81583e+05   -2.16061e+06   -2.72379e+06
    Temperature Pres. DC (bar) Pressure (bar)   Constr. rmsd
    3.10633e+02   -1.44482e+02   -6.05991e+02    3.60029e-05

           Step           Time
          48500       97.00000

   Energies (kJ/mol)
            U-B    Proper Dih.  Improper Dih.      CMAP Dih.          LJ-14
    1.07900e+03    1.33602e+03    7.07990e+01    1.38933e+01    4.38420e+02
     Coulomb-14        LJ (SR)  Disper. corr.   Coulomb (SR)   Coul. recip.
    7.75852e+03    2.76403e+05   -1.65872e+04   -2.92088e+06    9.02411e+03
 Position Rest.      Potential    Kinetic En.   Total Energy  Conserved En.
    1.74714e+02   -2.64117e+06    4.79712e+05   -2.16146e+06   -2.72379e+06
    Temperature Pres. DC (bar) Pressure (bar)   Constr. rmsd
    3.09426e+02   -1.44482e+02   -5.35795e+02    3.71099e-05

DD  step 48999 load imb.: force  6.2%

           Step           Time
          49000       98.00000

   Energies (kJ/mol)
            U-B    Proper Dih.  Improper Dih.      CMAP Dih.          LJ-14
    1.16300e+03    1.34275e+03    6.10164e+01    5.31960e+00    4.52068e+02
     Coulomb-14        LJ (SR)  Disper. corr.   Coulomb (SR)   Coul. recip.
    7.68963e+03    2.73723e+05   -1.65872e+04   -2.91908e+06    9.17588e+03
 Position Rest.      Potential    Kinetic En.   Total Energy  Conserved En.
    1.71567e+02   -2.64188e+06    4.80816e+05   -2.16106e+06   -2.72385e+06
    Temperature Pres. DC (bar) Pressure (bar)   Constr. rmsd
    3.10139e+02   -1.44482e+02   -5.61711e+02    4.38074e-05

           Step           Time
          49500       99.00000

   Energies (kJ/mol)
            U-B    Proper Dih.  Improper Dih.      CMAP Dih.          LJ-14
    1.13467e+03    1.39221e+03    6.64516e+01    1.49513e+00    4.34153e+02
     Coulomb-14        LJ (SR)  Disper. corr.   Coulomb (SR)   Coul. recip.
    7.76720e+03    2.75264e+05   -1.65872e+04   -2.91946e+06    9.05424e+03
 Position Rest.      Potential    Kinetic En.   Total Energy  Conserved En.
    2.07470e+02   -2.64073e+06    4.80628e+05   -2.16010e+06   -2.72387e+06
    Temperature Pres. DC (bar) Pressure (bar)   Constr. rmsd
    3.10017e+02   -1.44482e+02   -5.24483e+02    4.21496e-05

DD  step 49999 load imb.: force  6.4%

           Step           Time
          50000      100.00000

Writing checkpoint, step 50000 at Thu Oct  5 22:02:09 2017


   Energies (kJ/mol)
            U-B    Proper Dih.  Improper Dih.      CMAP Dih.          LJ-14
    1.14732e+03    1.33362e+03    7.11138e+01    1.83763e+01    4.51606e+02
     Coulomb-14        LJ (SR)  Disper. corr.   Coulomb (SR)   Coul. recip.
    7.69197e+03    2.72204e+05   -1.65872e+04   -2.91743e+06    9.21073e+03
 Position Rest.      Potential    Kinetic En.   Total Energy  Conserved En.
    1.69309e+02   -2.64172e+06    4.80338e+05   -2.16138e+06   -2.72388e+06
    Temperature Pres. DC (bar) Pressure (bar)   Constr. rmsd
    3.09830e+02   -1.44482e+02   -6.49015e+02    4.03254e-05

	<======  ###############  ==>
	<====  A V E R A G E S  ====>
	<==  ###############  ======>

	Statistics over 50001 steps using 501 frames

   Energies (kJ/mol)
            U-B    Proper Dih.  Improper Dih.      CMAP Dih.          LJ-14
    1.10977e+03    1.34015e+03    6.87040e+01   -1.04270e+01    4.45014e+02
     Coulomb-14        LJ (SR)  Disper. corr.   Coulomb (SR)   Coul. recip.
    7.74972e+03    2.75008e+05   -1.65872e+04   -2.92186e+06    9.08821e+03
 Position Rest.      Potential    Kinetic En.   Total Energy  Conserved En.
    1.85553e+02   -2.64346e+06    4.80104e+05   -2.16335e+06   -2.72204e+06
    Temperature Pres. DC (bar) Pressure (bar)   Constr. rmsd
    3.09679e+02   -1.44482e+02   -5.82959e+02    0.00000e+00

   Total Virial (kJ/mol)
    1.94433e+05    1.12387e+01   -6.77306e+01
    3.89421e+00    1.93300e+05   -4.46853e+01
   -5.95469e+01   -4.12568e+01    1.92851e+05

   Pressure (bar)
   -5.97947e+02   -5.02204e-01    1.53028e+00
   -3.74371e-01   -5.79492e+02    8.92057e-01
    1.38784e+00    8.32384e-01   -5.71439e+02

      T-ProteinT-Water_and_ions
    3.08689e+02    3.09681e+02


	M E G A - F L O P S   A C C O U N T I N G

 NB=Group-cutoff nonbonded kernels    NxN=N-by-N cluster Verlet kernels
 RF=Reaction-Field  VdW=Van der Waals  QSTab=quadratic-spline table
 W3=SPC/TIP3p  W4=TIP4p (single or pairs)
 V&F=Potential and force  V=Potential only  F=Force only

 Computing:                               M-Number         M-Flops  % Flops
-----------------------------------------------------------------------------
 NB VdW [V&F]                            41.300826          41.301     0.0
 Pair Search distance check           38565.661024      347090.949     0.0
 NxN Ewald Elec. + LJ [F]          11164470.744960   870828718.107    96.0
 NxN Ewald Elec. + LJ [V&F]          113037.077056    14581782.940     1.6
 1,4 nonbonded interactions              59.801196        5382.108     0.0
 Calc Weights                         27944.508879     1006002.320     0.1
 Spread Q Bspline                    596149.522752     1192299.046     0.1
 Gather F Bspline                    596149.522752     3576897.137     0.4
 3D-FFT                             1740445.840680    13923566.725     1.5
 Solve PME                              459.465216       29405.774     0.0
 Reset In Box                           233.052543         699.158     0.0
 CG-CoM                                 233.238836         699.717     0.0
 Propers                                 57.851157       13247.915     0.0
 Impropers                                4.150083         863.217     0.0
 Pos. Restr.                             11.700234         585.012     0.0
 Virial                                  93.513153        1683.237     0.0
 Stop-CM                                 93.519086         935.191     0.0
 Calc-Ekin                             1863.302586       50309.170     0.0
 Lincs                                   32.053522        1923.211     0.0
 Lincs-Mat                              685.744152        2742.977     0.0
 Constraint-V                          9898.022937       79184.183     0.0
 Constraint-Vir                          98.849084        2372.378     0.0
 Settle                                3278.037956     1058806.260     0.1
 (null)                                   1.300026           0.000     0.0
-----------------------------------------------------------------------------
 Total                                               906705238.030   100.0
-----------------------------------------------------------------------------


    D O M A I N   D E C O M P O S I T I O N   S T A T I S T I C S

 av. #atoms communicated per step for force:  2 x 168876.8
 av. #atoms communicated per step for LINCS:  2 x 11366.5

 Average load imbalance: 6.0 %
 Part of the total run time spent waiting due to load imbalance: 0.4 %


     R E A L   C Y C L E   A N D   T I M E   A C C O U N T I N G

On 8 MPI ranks, each using 4 OpenMP threads

 Computing:          Num   Num      Call    Wall time         Giga-Cycles
                     Ranks Threads  Count      (s)         total sum    %
-----------------------------------------------------------------------------
 Domain decomp.         8    4       1251       5.821        390.287   3.0
 DD comm. load          8    4        248       0.005          0.350   0.0
 Neighbor search        8    4       1251       5.742        384.942   2.9
 Launch GPU ops.        8    4     100002       3.426        229.675   1.8
 Comm. coord.           8    4      48750      12.134        813.509   6.2
 Force                  8    4      50001       2.007        134.582   1.0
 Wait + Comm. F         8    4      50001      12.085        810.261   6.2
 PME mesh               8    4      50001     123.416       8274.340  63.2
 Wait GPU nonlocal      8    4      50001       0.884         59.258   0.5
 Wait GPU local         8    4      50001       0.202         13.542   0.1
 NB X/F buffer ops.     8    4     197502       7.814        523.857   4.0
 Write traj.            8    4        101       1.300         87.143   0.7
 Update                 8    4      50001       4.551        305.141   2.3
 Constraints            8    4      50001      12.574        843.019   6.4
 Comm. energies         8    4       5001       2.269        152.098   1.2
 Rest                                           1.017         68.217   0.5
-----------------------------------------------------------------------------
 Total                                        195.247      13090.221 100.0
-----------------------------------------------------------------------------
 Breakdown of PME mesh computation
-----------------------------------------------------------------------------
 PME redist. X/F        8    4     100002      14.710        986.251   7.5
 PME spread/gather      8    4     100002      56.284       3773.551  28.8
 PME 3D-FFT             8    4     100002      22.435       1504.151  11.5
 PME 3D-FFT Comm.       8    4     100002      25.528       1711.535  13.1
 PME solve Elec         8    4      50001       4.312        289.066   2.2
-----------------------------------------------------------------------------

               Core t (s)   Wall t (s)        (%)
       Time:     6247.902      195.247     3200.0
                 (ns/day)    (hour/ns)
Performance:       44.253        0.542
Finished mdrun on rank 0 Thu Oct  5 22:02:11 2017
