                      :-) GROMACS - gmx mdrun, 2016.3 (-:

                            GROMACS is written by:
     Emile Apol      Rossen Apostolov  Herman J.C. Berendsen    Par Bjelkmar   
 Aldert van Buuren   Rudi van Drunen     Anton Feenstra    Gerrit Groenhof  
 Christoph Junghans   Anca Hamuraru    Vincent Hindriksen Dimitrios Karkoulis
    Peter Kasson        Jiri Kraus      Carsten Kutzner      Per Larsson    
  Justin A. Lemkul   Magnus Lundborg   Pieter Meulenhoff    Erik Marklund   
   Teemu Murtola       Szilard Pall       Sander Pronk      Roland Schulz   
  Alexey Shvetsov     Michael Shirts     Alfons Sijbers     Peter Tieleman  
  Teemu Virolainen  Christian Wennberg    Maarten Wolf   
                           and the project leaders:
        Mark Abraham, Berk Hess, Erik Lindahl, and David van der Spoel

Copyright (c) 1991-2000, University of Groningen, The Netherlands.
Copyright (c) 2001-2017, The GROMACS development team at
Uppsala University, Stockholm University and
the Royal Institute of Technology, Sweden.
check out http://www.gromacs.org for more information.

GROMACS is free software; you can redistribute it and/or modify it
under the terms of the GNU Lesser General Public License
as published by the Free Software Foundation; either version 2.1
of the License, or (at your option) any later version.

GROMACS:      gmx mdrun, version 2016.3
Executable:   /cvmfs/soft.computecanada.ca/easybuild/software/2017/avx2/MPI/intel2016.4/cuda8.0/openmpi2.1/gromacs/2016.3/bin/gmx_mpi
Data prefix:  /cvmfs/soft.computecanada.ca/easybuild/software/2017/avx2/MPI/intel2016.4/cuda8.0/openmpi2.1/gromacs/2016.3
Working dir:  /home/moselhy/charmm
Command line:
  gmx_mpi mdrun -v -deffnm equilibration


Running on 1 node with total 32 cores, 32 logical cores, 2 compatible GPUs
Hardware detected on host gra934 (the node of MPI rank 0):
  CPU info:
    Vendor: Intel
    Brand:  Intel(R) Xeon(R) CPU E5-2683 v4 @ 2.10GHz
    SIMD instructions most likely to fit this hardware: AVX2_256
    SIMD instructions selected at GROMACS compile time: AVX2_256

  Hardware topology: Full, with devices
  GPU info:
    Number of GPUs detected: 2
    #0: NVIDIA Tesla P100-PCIE-12GB, compute cap.: 6.0, ECC: yes, stat: compatible
    #1: NVIDIA Tesla P100-PCIE-12GB, compute cap.: 6.0, ECC: yes, stat: compatible

Reading file equilibration.tpr, VERSION 2016.3 (single precision)
Changing nstlist from 10 to 40, rlist from 1.2 to 1.287

The number of OpenMP threads was set by environment variable OMP_NUM_THREADS to 4
Using 8 MPI processes
Using 4 OpenMP threads per MPI process

On host gra934 2 compatible GPUs are present, with IDs 0,1
On host gra934 2 GPUs auto-selected for this run.
Mapping of GPU IDs to the 8 PP ranks in this node: 0,0,0,0,1,1,1,1


NOTE: GROMACS was configured without NVML support hence it can not exploit
      application clocks of the detected Tesla P100-PCIE-12GB GPU to improve performance.
      Recompile with the NVML library (compatible with the driver used) or set application clocks manually.


Non-default thread affinity set probably by the OpenMP library,
disabling internal thread affinity

NOTE: DLB will not turn on during the first phase of PME tuning

starting mdrun 'Protein in water'
50000 steps,    100.0 ps.
step   80: timed with pme grid 96 96 96, coulomb cutoff 1.200: 377.4 M-cycles
step  160: timed with pme grid 80 80 80, coulomb cutoff 1.305: 355.0 M-cycles
step  240: timed with pme grid 72 72 72, coulomb cutoff 1.450: 416.3 M-cycles
step  320: timed with pme grid 80 80 80, coulomb cutoff 1.305: 347.9 M-cycles
step  400: timed with pme grid 84 84 84, coulomb cutoff 1.243: 320.0 M-cycles
step  480: timed with pme grid 96 96 96, coulomb cutoff 1.200: 313.1 M-cycles
step  560: timed with pme grid 80 80 80, coulomb cutoff 1.305: 343.3 M-cycles
step  640: timed with pme grid 84 84 84, coulomb cutoff 1.243: 320.7 M-cycles
step  720: timed with pme grid 96 96 96, coulomb cutoff 1.200: 318.5 M-cycles
              optimal pme grid 96 96 96, coulomb cutoff 1.200

NOTE: DLB can now turn on, when beneficial

imb F  7% step 800, remaining wall clock time:   213 s          
step 900, remaining wall clock time:   209 s          
imb F  5% step 1000, remaining wall clock time:   209 s          
step 1100, remaining wall clock time:   206 s          
imb F  6% step 1200, remaining wall clock time:   204 s          
step 1300, remaining wall clock time:   202 s          
imb F  7% step 1400, remaining wall clock time:   201 s          
step 1500, remaining wall clock time:   201 s          
imb F  6% step 1600, remaining wall clock time:   199 s          
step 1700, remaining wall clock time:   198 s          
imb F  5% step 1800, remaining wall clock time:   196 s          
step 1900, remaining wall clock time:   195 s          
imb F  7% step 2000, remaining wall clock time:   195 s          
step 2100, remaining wall clock time:   194 s          
imb F  6% step 2200, remaining wall clock time:   193 s          
step 2300, remaining wall clock time:   192 s          
imb F  6% step 2400, remaining wall clock time:   191 s          
step 2500, remaining wall clock time:   191 s          
imb F  6% step 2600, remaining wall clock time:   190 s          
step 2700, remaining wall clock time:   190 s          
imb F  7% step 2800, remaining wall clock time:   189 s          
step 2900, remaining wall clock time:   188 s          
imb F  6% step 3000, remaining wall clock time:   188 s          
step 3100, remaining wall clock time:   187 s          
imb F  6% step 3200, remaining wall clock time:   186 s          
step 3300, remaining wall clock time:   186 s          
imb F  6% step 3400, remaining wall clock time:   185 s          
step 3500, remaining wall clock time:   185 s          
imb F  6% step 3600, remaining wall clock time:   184 s          
step 3700, remaining wall clock time:   184 s          
imb F  7% step 3800, remaining wall clock time:   183 s          
step 3900, remaining wall clock time:   182 s          
imb F  6% step 4000, remaining wall clock time:   182 s          
step 4100, remaining wall clock time:   182 s          
imb F  6% step 4200, remaining wall clock time:   181 s          
step 4300, remaining wall clock time:   180 s          
imb F  7% step 4400, remaining wall clock time:   180 s          
step 4500, remaining wall clock time:   180 s          
imb F  7% step 4600, remaining wall clock time:   179 s          
step 4700, remaining wall clock time:   179 s          
imb F  6% step 4800, remaining wall clock time:   178 s          
step 4900, remaining wall clock time:   177 s          
imb F  6% step 5000, remaining wall clock time:   177 s          
step 5100, remaining wall clock time:   177 s          
imb F  6% step 5200, remaining wall clock time:   176 s          
step 5300, remaining wall clock time:   176 s          
imb F  6% step 5400, remaining wall clock time:   175 s          
step 5500, remaining wall clock time:   175 s          
imb F  6% step 5600, remaining wall clock time:   174 s          
step 5700, remaining wall clock time:   174 s          
imb F  7% step 5800, remaining wall clock time:   173 s          
step 5900, remaining wall clock time:   173 s          
imb F  6% step 6000, remaining wall clock time:   173 s          
step 6100, remaining wall clock time:   172 s          
imb F  6% step 6200, remaining wall clock time:   172 s          
step 6300, remaining wall clock time:   171 s          
imb F  6% step 6400, remaining wall clock time:   171 s          
step 6500, remaining wall clock time:   170 s          
imb F  7% step 6600, remaining wall clock time:   170 s          
step 6700, remaining wall clock time:   169 s          
imb F  6% step 6800, remaining wall clock time:   169 s          
step 6900, remaining wall clock time:   168 s          
imb F  6% step 7000, remaining wall clock time:   168 s          
step 7100, remaining wall clock time:   168 s          
imb F  6% step 7200, remaining wall clock time:   167 s          
step 7300, remaining wall clock time:   167 s          
imb F  6% step 7400, remaining wall clock time:   166 s          
step 7500, remaining wall clock time:   166 s          
imb F  6% step 7600, remaining wall clock time:   166 s          
step 7700, remaining wall clock time:   166 s          
imb F  6% step 7800, remaining wall clock time:   165 s          
step 7900, remaining wall clock time:   165 s          
imb F  6% step 8000, remaining wall clock time:   164 s          
step 8100, remaining wall clock time:   164 s          
imb F  6% step 8200, remaining wall clock time:   163 s          
step 8300, remaining wall clock time:   163 s          
imb F  6% step 8400, remaining wall clock time:   162 s          
step 8500, remaining wall clock time:   162 s          
imb F  6% step 8600, remaining wall clock time:   162 s          
step 8700, remaining wall clock time:   161 s          
imb F  7% step 8800, remaining wall clock time:   161 s          
step 8900, remaining wall clock time:   160 s          
imb F  7% step 9000, remaining wall clock time:   160 s          
step 9100, remaining wall clock time:   160 s          
imb F  7% step 9200, remaining wall clock time:   159 s          
step 9300, remaining wall clock time:   159 s          
imb F  6% step 9400, remaining wall clock time:   158 s          
step 9500, remaining wall clock time:   158 s          
imb F  7% step 9600, remaining wall clock time:   158 s          
step 9700, remaining wall clock time:   157 s          
imb F  6% step 9800, remaining wall clock time:   157 s          
step 9900, remaining wall clock time:   156 s          
imb F  6% step 10000, remaining wall clock time:   156 s          
step 10100, remaining wall clock time:   156 s          
imb F  6% step 10200, remaining wall clock time:   155 s          
step 10300, remaining wall clock time:   155 s          
imb F  7% step 10400, remaining wall clock time:   154 s          
step 10500, remaining wall clock time:   154 s          
imb F  6% step 10600, remaining wall clock time:   153 s          
step 10700, remaining wall clock time:   153 s          
imb F  6% step 10800, remaining wall clock time:   153 s          
step 10900, remaining wall clock time:   152 s          
imb F  6% step 11000, remaining wall clock time:   152 s          
step 11100, remaining wall clock time:   151 s          
imb F  6% step 11200, remaining wall clock time:   151 s          
step 11300, remaining wall clock time:   151 s          
imb F  6% step 11400, remaining wall clock time:   150 s          
step 11500, remaining wall clock time:   150 s          
imb F  6% step 11600, remaining wall clock time:   149 s          
step 11700, remaining wall clock time:   149 s          
imb F  6% step 11800, remaining wall clock time:   149 s          
step 11900, remaining wall clock time:   148 s          
imb F  6% step 12000, remaining wall clock time:   148 s          
step 12100, remaining wall clock time:   147 s          
imb F  5% step 12200, remaining wall clock time:   147 s          
step 12300, remaining wall clock time:   147 s          
imb F  6% step 12400, remaining wall clock time:   146 s          
step 12500, remaining wall clock time:   146 s          
imb F  6% step 12600, remaining wall clock time:   145 s          
step 12700, remaining wall clock time:   145 s          
imb F  6% step 12800, remaining wall clock time:   145 s          
step 12900, remaining wall clock time:   144 s          
imb F  5% step 13000, remaining wall clock time:   144 s          
step 13100, remaining wall clock time:   143 s          
imb F  6% step 13200, remaining wall clock time:   143 s          
step 13300, remaining wall clock time:   143 s          
imb F  6% step 13400, remaining wall clock time:   142 s          
step 13500, remaining wall clock time:   142 s          
imb F  5% step 13600, remaining wall clock time:   141 s          
step 13700, remaining wall clock time:   141 s          
imb F  5% step 13800, remaining wall clock time:   141 s          
step 13900, remaining wall clock time:   140 s          
imb F  6% step 14000, remaining wall clock time:   140 s          
step 14100, remaining wall clock time:   139 s          
imb F  7% step 14200, remaining wall clock time:   139 s          
step 14300, remaining wall clock time:   139 s          
imb F  6% step 14400, remaining wall clock time:   138 s          
step 14500, remaining wall clock time:   138 s          
imb F  7% step 14600, remaining wall clock time:   137 s          
step 14700, remaining wall clock time:   137 s          
imb F  5% step 14800, remaining wall clock time:   137 s          
step 14900, remaining wall clock time:   136 s          
imb F  6% step 15000, remaining wall clock time:   136 s          
step 15100, remaining wall clock time:   135 s          
imb F  5% step 15200, remaining wall clock time:   135 s          
step 15300, remaining wall clock time:   135 s          
imb F  6% step 15400, remaining wall clock time:   134 s          
step 15500, remaining wall clock time:   134 s          
imb F  5% step 15600, remaining wall clock time:   133 s          
step 15700, remaining wall clock time:   133 s          
imb F  6% step 15800, remaining wall clock time:   133 s          
step 15900, remaining wall clock time:   132 s          
imb F  5% step 16000, remaining wall clock time:   132 s          
step 16100, remaining wall clock time:   132 s          
imb F  7% step 16200, remaining wall clock time:   131 s          
step 16300, remaining wall clock time:   131 s          
imb F  5% step 16400, remaining wall clock time:   130 s          
step 16500, remaining wall clock time:   130 s          
imb F  6% step 16600, remaining wall clock time:   130 s          
step 16700, remaining wall clock time:   129 s          
imb F  6% step 16800, remaining wall clock time:   129 s          
step 16900, remaining wall clock time:   128 s          
imb F  6% step 17000, remaining wall clock time:   128 s          
step 17100, remaining wall clock time:   128 s          
imb F  6% step 17200, remaining wall clock time:   127 s          
step 17300, remaining wall clock time:   127 s          
imb F  6% step 17400, remaining wall clock time:   126 s          
step 17500, remaining wall clock time:   126 s          
imb F  7% step 17600, remaining wall clock time:   126 s          
step 17700, remaining wall clock time:   125 s          
imb F  6% step 17800, remaining wall clock time:   125 s          
step 17900, remaining wall clock time:   124 s          
imb F  5% step 18000, remaining wall clock time:   124 s          
step 18100, remaining wall clock time:   124 s          
imb F  6% step 18200, remaining wall clock time:   123 s          
step 18300, remaining wall clock time:   123 s          
imb F  5% step 18400, remaining wall clock time:   123 s          
step 18500, remaining wall clock time:   122 s          
imb F  6% step 18600, remaining wall clock time:   122 s          
step 18700, remaining wall clock time:   121 s          
imb F  6% step 18800, remaining wall clock time:   121 s          
step 18900, remaining wall clock time:   121 s          
imb F  6% step 19000, remaining wall clock time:   120 s          
step 19100, remaining wall clock time:   120 s          
imb F  6% step 19200, remaining wall clock time:   119 s          
step 19300, remaining wall clock time:   119 s          
imb F  6% step 19400, remaining wall clock time:   119 s          
step 19500, remaining wall clock time:   118 s          
imb F  6% step 19600, remaining wall clock time:   118 s          
step 19700, remaining wall clock time:   117 s          
imb F  5% step 19800, remaining wall clock time:   117 s          
step 19900, remaining wall clock time:   117 s          
imb F  6% step 20000, remaining wall clock time:   116 s          
step 20100, remaining wall clock time:   116 s          
imb F  6% step 20200, remaining wall clock time:   115 s          
step 20300, remaining wall clock time:   115 s          
imb F  6% step 20400, remaining wall clock time:   115 s          
step 20500, remaining wall clock time:   114 s          
imb F  6% step 20600, remaining wall clock time:   114 s          
step 20700, remaining wall clock time:   113 s          
imb F  6% step 20800, remaining wall clock time:   113 s          
step 20900, remaining wall clock time:   113 s          
imb F  6% step 21000, remaining wall clock time:   112 s          
step 21100, remaining wall clock time:   112 s          
imb F  6% step 21200, remaining wall clock time:   112 s          
step 21300, remaining wall clock time:   111 s          
imb F  6% step 21400, remaining wall clock time:   111 s          
step 21500, remaining wall clock time:   110 s          
imb F  6% step 21600, remaining wall clock time:   110 s          
step 21700, remaining wall clock time:   110 s          
imb F  6% step 21800, remaining wall clock time:   109 s          
step 21900, remaining wall clock time:   109 s          
imb F  6% step 22000, remaining wall clock time:   108 s          
step 22100, remaining wall clock time:   108 s          
imb F  6% step 22200, remaining wall clock time:   108 s          
step 22300, remaining wall clock time:   107 s          
imb F  5% step 22400, remaining wall clock time:   107 s          
step 22500, remaining wall clock time:   106 s          
imb F  5% step 22600, remaining wall clock time:   106 s          
step 22700, remaining wall clock time:   106 s          
imb F  6% step 22800, remaining wall clock time:   105 s          
step 22900, remaining wall clock time:   105 s          
imb F  6% step 23000, remaining wall clock time:   105 s          
step 23100, remaining wall clock time:   104 s          
imb F  6% step 23200, remaining wall clock time:   104 s          
step 23300, remaining wall clock time:   103 s          
imb F  6% step 23400, remaining wall clock time:   103 s          
step 23500, remaining wall clock time:   103 s          
imb F  5% step 23600, remaining wall clock time:   102 s          
step 23700, remaining wall clock time:   102 s          
imb F  6% step 23800, remaining wall clock time:   101 s          
step 23900, remaining wall clock time:   101 s          
imb F  5% step 24000, remaining wall clock time:   101 s          
step 24100, remaining wall clock time:   100 s          
imb F  6% step 24200, remaining wall clock time:   100 s          
step 24300, remaining wall clock time:    99 s          
imb F  7% step 24400, remaining wall clock time:    99 s          
step 24500, remaining wall clock time:    99 s          
imb F  6% step 24600, remaining wall clock time:    98 s          
step 24700, remaining wall clock time:    98 s          
imb F  6% step 24800, remaining wall clock time:    97 s          
step 24900, remaining wall clock time:    97 s          
imb F  5% step 25000, remaining wall clock time:    97 s          
step 25100, remaining wall clock time:    96 s          
imb F  5% step 25200, remaining wall clock time:    96 s          
step 25300, remaining wall clock time:    95 s          
imb F  5% step 25400, remaining wall clock time:    95 s          
step 25500, remaining wall clock time:    95 s          
imb F  6% step 25600, remaining wall clock time:    94 s          
step 25700, remaining wall clock time:    94 s          
imb F  6% step 25800, remaining wall clock time:    94 s          
step 25900, remaining wall clock time:    93 s          
imb F  6% step 26000, remaining wall clock time:    93 s          
step 26100, remaining wall clock time:    92 s          
imb F  5% step 26200, remaining wall clock time:    92 s          
step 26300, remaining wall clock time:    92 s          
imb F  5% step 26400, remaining wall clock time:    91 s          
step 26500, remaining wall clock time:    91 s          
imb F  5% step 26600, remaining wall clock time:    90 s          
step 26700, remaining wall clock time:    90 s          
imb F  6% step 26800, remaining wall clock time:    90 s          
step 26900, remaining wall clock time:    89 s          
imb F  6% step 27000, remaining wall clock time:    89 s          
step 27100, remaining wall clock time:    89 s          
imb F  6% step 27200, remaining wall clock time:    88 s          
step 27300, remaining wall clock time:    88 s          
imb F  5% step 27400, remaining wall clock time:    87 s          
step 27500, remaining wall clock time:    87 s          
imb F  6% step 27600, remaining wall clock time:    87 s          
step 27700, remaining wall clock time:    86 s          
imb F  6% step 27800, remaining wall clock time:    86 s          
step 27900, remaining wall clock time:    85 s          
imb F  6% step 28000, remaining wall clock time:    85 s          
step 28100, remaining wall clock time:    85 s          
imb F  6% step 28200, remaining wall clock time:    84 s          
step 28300, remaining wall clock time:    84 s          
imb F  6% step 28400, remaining wall clock time:    83 s          
step 28500, remaining wall clock time:    83 s          
imb F  5% step 28600, remaining wall clock time:    83 s          
step 28700, remaining wall clock time:    82 s          
imb F  5% step 28800, remaining wall clock time:    82 s          
step 28900, remaining wall clock time:    81 s          
imb F  6% step 29000, remaining wall clock time:    81 s          
step 29100, remaining wall clock time:    81 s          
imb F  5% step 29200, remaining wall clock time:    80 s          
step 29300, remaining wall clock time:    80 s          
imb F  5% step 29400, remaining wall clock time:    80 s          
step 29500, remaining wall clock time:    79 s          
imb F  5% step 29600, remaining wall clock time:    79 s          
step 29700, remaining wall clock time:    78 s          
imb F  5% step 29800, remaining wall clock time:    78 s          
step 29900, remaining wall clock time:    78 s          
imb F  6% step 30000, remaining wall clock time:    77 s          
step 30100, remaining wall clock time:    77 s          
imb F  6% step 30200, remaining wall clock time:    76 s          
step 30300, remaining wall clock time:    76 s          
imb F  5% step 30400, remaining wall clock time:    76 s          
step 30500, remaining wall clock time:    75 s          
imb F  6% step 30600, remaining wall clock time:    75 s          
step 30700, remaining wall clock time:    74 s          
imb F  6% step 30800, remaining wall clock time:    74 s          
step 30900, remaining wall clock time:    74 s          
imb F  5% step 31000, remaining wall clock time:    73 s          
step 31100, remaining wall clock time:    73 s          
imb F  7% step 31200, remaining wall clock time:    73 s          
step 31300, remaining wall clock time:    72 s          
imb F  5% step 31400, remaining wall clock time:    72 s          
step 31500, remaining wall clock time:    71 s          
imb F  8% step 31600, remaining wall clock time:    71 s          
step 31700, remaining wall clock time:    71 s          
imb F  6% step 31800, remaining wall clock time:    70 s          
step 31900, remaining wall clock time:    70 s          
imb F  6% step 32000, remaining wall clock time:    69 s          
step 32100, remaining wall clock time:    69 s          
imb F  6% step 32200, remaining wall clock time:    69 s          
step 32300, remaining wall clock time:    68 s          
imb F  6% step 32400, remaining wall clock time:    68 s          
step 32500, remaining wall clock time:    68 s          
imb F  6% step 32600, remaining wall clock time:    67 s          
step 32700, remaining wall clock time:    67 s          
imb F  6% step 32800, remaining wall clock time:    66 s          
step 32900, remaining wall clock time:    66 s          
imb F  6% step 33000, remaining wall clock time:    66 s          
step 33100, remaining wall clock time:    65 s          
imb F  6% step 33200, remaining wall clock time:    65 s          
step 33300, remaining wall clock time:    64 s          
imb F  6% step 33400, remaining wall clock time:    64 s          
step 33500, remaining wall clock time:    64 s          
imb F  6% step 33600, remaining wall clock time:    63 s          
step 33700, remaining wall clock time:    63 s          
imb F  6% step 33800, remaining wall clock time:    62 s          
step 33900, remaining wall clock time:    62 s          
imb F  6% step 34000, remaining wall clock time:    62 s          
step 34100, remaining wall clock time:    61 s          
imb F  6% step 34200, remaining wall clock time:    61 s          
step 34300, remaining wall clock time:    60 s          
imb F  6% step 34400, remaining wall clock time:    60 s          
step 34500, remaining wall clock time:    60 s          
imb F  5% step 34600, remaining wall clock time:    59 s          
step 34700, remaining wall clock time:    59 s          
imb F  6% step 34800, remaining wall clock time:    59 s          
step 34900, remaining wall clock time:    58 s          
imb F  6% step 35000, remaining wall clock time:    58 s          
step 35100, remaining wall clock time:    57 s          
imb F  6% step 35200, remaining wall clock time:    57 s          
step 35300, remaining wall clock time:    57 s          
imb F  5% step 35400, remaining wall clock time:    56 s          
step 35500, remaining wall clock time:    56 s          
imb F  6% step 35600, remaining wall clock time:    55 s          
step 35700, remaining wall clock time:    55 s          
imb F  6% step 35800, remaining wall clock time:    55 s          
step 35900, remaining wall clock time:    54 s          
imb F  6% step 36000, remaining wall clock time:    54 s          
step 36100, remaining wall clock time:    54 s          
imb F  6% step 36200, remaining wall clock time:    53 s          
step 36300, remaining wall clock time:    53 s          
imb F  5% step 36400, remaining wall clock time:    52 s          
step 36500, remaining wall clock time:    52 s          
imb F  5% step 36600, remaining wall clock time:    52 s          
step 36700, remaining wall clock time:    51 s          
imb F  5% step 36800, remaining wall clock time:    51 s          
step 36900, remaining wall clock time:    50 s          
imb F  8% step 37000, remaining wall clock time:    50 s          
step 37100, remaining wall clock time:    50 s          
imb F  6% step 37200, remaining wall clock time:    49 s          
step 37300, remaining wall clock time:    49 s          
imb F  6% step 37400, remaining wall clock time:    48 s          
step 37500, remaining wall clock time:    48 s          
imb F  5% step 37600, remaining wall clock time:    48 s          
step 37700, remaining wall clock time:    47 s          
imb F  6% step 37800, remaining wall clock time:    47 s          
step 37900, remaining wall clock time:    47 s          
imb F  6% step 38000, remaining wall clock time:    46 s          
step 38100, remaining wall clock time:    46 s          
imb F  6% step 38200, remaining wall clock time:    45 s          
step 38300, remaining wall clock time:    45 s          
imb F  6% step 38400, remaining wall clock time:    45 s          
step 38500, remaining wall clock time:    44 s          
imb F  6% step 38600, remaining wall clock time:    44 s          
step 38700, remaining wall clock time:    43 s          
imb F  6% step 38800, remaining wall clock time:    43 s          
step 38900, remaining wall clock time:    43 s          
imb F  6% step 39000, remaining wall clock time:    42 s          
step 39100, remaining wall clock time:    42 s          
imb F  6% step 39200, remaining wall clock time:    41 s          
step 39300, remaining wall clock time:    41 s          
imb F  6% step 39400, remaining wall clock time:    41 s          
step 39500, remaining wall clock time:    40 s          
imb F  6% step 39600, remaining wall clock time:    40 s          
step 39700, remaining wall clock time:    40 s          
imb F  6% step 39800, remaining wall clock time:    39 s          
step 39900, remaining wall clock time:    39 s          
imb F  6% step 40000, remaining wall clock time:    38 s          
step 40100, remaining wall clock time:    38 s          
imb F  6% step 40200, remaining wall clock time:    38 s          
step 40300, remaining wall clock time:    37 s          
imb F  6% step 40400, remaining wall clock time:    37 s          
step 40500, remaining wall clock time:    36 s          
imb F  6% step 40600, remaining wall clock time:    36 s          
step 40700, remaining wall clock time:    36 s          
imb F  5% step 40800, remaining wall clock time:    35 s          
step 40900, remaining wall clock time:    35 s          
imb F  5% step 41000, remaining wall clock time:    34 s          
step 41100, remaining wall clock time:    34 s          
imb F  5% step 41200, remaining wall clock time:    34 s          
step 41300, remaining wall clock time:    33 s          
imb F  6% step 41400, remaining wall clock time:    33 s          
step 41500, remaining wall clock time:    33 s          
imb F  6% step 41600, remaining wall clock time:    32 s          
step 41700, remaining wall clock time:    32 s          
imb F 21% step 41800, remaining wall clock time:    31 s          
step 41900, remaining wall clock time:    31 s          
imb F  5% step 42000, remaining wall clock time:    31 s          
step 42100, remaining wall clock time:    30 s          
imb F  5% step 42200, remaining wall clock time:    30 s          
step 42300, remaining wall clock time:    29 s          
imb F  6% step 42400, remaining wall clock time:    29 s          
step 42500, remaining wall clock time:    29 s          
imb F  5% step 42600, remaining wall clock time:    28 s          
step 42700, remaining wall clock time:    28 s          
imb F  5% step 42800, remaining wall clock time:    28 s          
step 42900, remaining wall clock time:    27 s          
imb F  6% step 43000, remaining wall clock time:    27 s          
step 43100, remaining wall clock time:    26 s          
imb F  5% step 43200, remaining wall clock time:    26 s          
step 43300, remaining wall clock time:    26 s          
imb F  6% step 43400, remaining wall clock time:    25 s          
step 43500, remaining wall clock time:    25 s          
imb F  6% step 43600, remaining wall clock time:    24 s          
step 43700, remaining wall clock time:    24 s          
imb F 29% step 43800, remaining wall clock time:    24 s          
step 43900, remaining wall clock time:    23 s          
imb F  5% step 44000, remaining wall clock time:    23 s          
step 44100, remaining wall clock time:    22 s          
imb F  6% step 44200, remaining wall clock time:    22 s          
step 44300, remaining wall clock time:    22 s          
imb F  5% step 44400, remaining wall clock time:    21 s          
step 44500, remaining wall clock time:    21 s          
imb F  5% step 44600, remaining wall clock time:    21 s          
step 44700, remaining wall clock time:    20 s          
imb F  6% step 44800, remaining wall clock time:    20 s          
step 44900, remaining wall clock time:    19 s          
imb F  6% step 45000, remaining wall clock time:    19 s          
step 45100, remaining wall clock time:    19 s          
imb F  5% step 45200, remaining wall clock time:    18 s          
step 45300, remaining wall clock time:    18 s          
imb F  6% step 45400, remaining wall clock time:    17 s          
step 45500, remaining wall clock time:    17 s          
imb F  5% step 45600, remaining wall clock time:    17 s          
step 45700, remaining wall clock time:    16 s          
imb F  5% step 45800, remaining wall clock time:    16 s          
step 45900, remaining wall clock time:    15 s          
imb F  5% step 46000, remaining wall clock time:    15 s          
step 46100, remaining wall clock time:    15 s          
imb F  6% step 46200, remaining wall clock time:    14 s          
step 46300, remaining wall clock time:    14 s          
imb F  5% step 46400, remaining wall clock time:    14 s          
step 46500, remaining wall clock time:    13 s          
imb F  5% step 46600, remaining wall clock time:    13 s          
step 46700, remaining wall clock time:    12 s          
imb F  6% step 46800, remaining wall clock time:    12 s          
step 46900, remaining wall clock time:    12 s          
imb F  6% step 47000, remaining wall clock time:    11 s          
step 47100, remaining wall clock time:    11 s          
imb F  6% step 47200, remaining wall clock time:    10 s          
step 47300, remaining wall clock time:    10 s          
imb F  5% step 47400, remaining wall clock time:    10 s          
step 47500, remaining wall clock time:     9 s          
imb F  6% step 47600, remaining wall clock time:     9 s          
step 47700, remaining wall clock time:     8 s          
imb F  5% step 47800, remaining wall clock time:     8 s          
step 47900, remaining wall clock time:     8 s          
imb F  5% step 48000, remaining wall clock time:     7 s          
step 48100, remaining wall clock time:     7 s          
imb F  6% step 48200, remaining wall clock time:     7 s          
step 48300, remaining wall clock time:     6 s          
imb F  6% step 48400, remaining wall clock time:     6 s          
step 48500, remaining wall clock time:     5 s          
imb F  7% step 48600, remaining wall clock time:     5 s          
step 48700, remaining wall clock time:     5 s          
imb F  5% step 48800, remaining wall clock time:     4 s          
step 48900, remaining wall clock time:     4 s          
imb F  6% step 49000, remaining wall clock time:     3 s          
step 49100, remaining wall clock time:     3 s          
imb F  5% step 49200, remaining wall clock time:     3 s          
step 49300, remaining wall clock time:     2 s          
imb F  6% step 49400, remaining wall clock time:     2 s          
step 49500, remaining wall clock time:     1 s          
imb F  6% step 49600, remaining wall clock time:     1 s          
step 49700, remaining wall clock time:     1 s          
imb F  5% step 49800, remaining wall clock time:     0 s          
step 49900, remaining wall clock time:     0 s          
imb F  6% 
Writing final coordinates.
step 50000, remaining wall clock time:     0 s          

 Average load imbalance: 6.0 %
 Part of the total run time spent waiting due to load imbalance: 0.4 %


               Core t (s)   Wall t (s)        (%)
       Time:     6247.902      195.247     3200.0
                 (ns/day)    (hour/ns)
Performance:       44.253        0.542

GROMACS reminds you: "If You Want Something Done You Have to Do It Yourself" (Highlander II)

